1327698163038|-1||debug||com.p6spy.engine.common.P6SpyOptions reloading properties
1327698163047|-1||info||Using properties file: C:\project\Orion\trunk\cpu-v3\orion-web\target\cpu\WEB-INF\classes\spy.properties
1327698163047|-1||info||No value in environment for: getStackTrace, using: false
1327698163047|-1||info||No value in environment for: getFilter, using: false
1327698163047|-1||info||No value in environment for: getUsePrefix, using: false
1327698163048|-1||info||No value in environment for: getAutoflush, using: true
1327698163048|-1||info||No value in environment for: getExclude, using: 
1327698163048|-1||info||No value in environment for: getLogfile, using: spy.log
1327698163048|-1||info||No value in environment for: getAppend, using: true
1327698163048|-1||info||No value in environment for: getSpydriver, using: com.p6spy.engine.spy.P6SpyDriver
1327698163048|-1||info||No value in environment for: getExecutionThreshold, using: 0
1327698163048|-1||info||No value in environment for: getStringMatcherEngine, using: com.p6spy.engine.common.SubstringMatcher@13dbcec
1327698163048|-1||info||No value in environment for: getReloadPropertiesInterval, using: 60
1327698163048|-1||info||No value in environment for: getJNDIContextFactory, using: null
1327698163048|-1||info||No value in environment for: getJNDIContextProviderURL, using: null
1327698163049|-1||info||No value in environment for: getRealDataSourceClass, using: null
1327698163049|-1||info||No value in environment for: getRealDataSourceProperties, using: null
1327698163049|-1||info||No value in environment for: getAppender, using: com.p6spy.engine.logging.appender.FileLogger
1327698163049|-1||info||No value in environment for: getInclude, using: 
1327698163049|-1||info||No value in environment for: getDeregisterDrivers, using: true
1327698163049|-1||info||No value in environment for: getExcludecategories, using: info,debug,result,batch
1327698163049|-1||info||No value in environment for: getIncludecategories, using: 
1327698163049|-1||info||No value in environment for: getRealdriver, using: org.h2.Driver
1327698163049|-1||info||No value in environment for: getRealdriver2, using: null
1327698163050|-1||info||No value in environment for: getRealdriver3, using: null
1327698163050|-1||info||No value in environment for: getDateformat, using: 
1327698163050|-1||info||No value in environment for: getDateformatter, using: null
1327698163050|-1||info||No value in environment for: getStringmatcher, using: com.p6spy.engine.common.SubstringMatcher
1327698163050|-1||info||No value in environment for: getStackTraceClass, using: 
1327698163050|-1||info||No value in environment for: getSQLExpression, using: null
1327698163050|-1||info||No value in environment for: getReloadProperties, using: false
1327698163050|-1||info||No value in environment for: getJNDIContextCustom, using: null
1327698163050|-1||info||No value in environment for: getRealDataSource, using: null
1327698167682|41|0|statement||select sequence_name from information_schema.sequences
1327698167704|-1||resultset|select sequence_name from information_schema.sequences|SEQUENCE_NAME = SYSTEM_SEQUENCE_9A17D659_682A_441F_A1B2_4169C2737C0E
1327698167704|-1||resultset|select sequence_name from information_schema.sequences|SEQUENCE_NAME = SYSTEM_SEQUENCE_921B3E4A_6F68_4164_9F96_49F0CA2E79DB
1327698167704|-1||resultset|select sequence_name from information_schema.sequences|SEQUENCE_NAME = SYSTEM_SEQUENCE_2D493E8A_2FDD_47E0_81DA_D4A0BD1D80BB
1327698167704|-1||resultset|select sequence_name from information_schema.sequences|SEQUENCE_NAME = SYSTEM_SEQUENCE_00C3DC82_080C_47AD_B8F4_7A200FBB4028
1327698167704|-1||resultset|select sequence_name from information_schema.sequences|SEQUENCE_NAME = SYSTEM_SEQUENCE_C94B3AF1_489A_451E_A912_EEFF2B1AD836
1327698167704|-1||resultset|select sequence_name from information_schema.sequences|SEQUENCE_NAME = SYSTEM_SEQUENCE_C32A0EA0_B3C6_4242_8601_9E5BB42C9B89
1327698167705|-1||resultset|select sequence_name from information_schema.sequences|SEQUENCE_NAME = SYSTEM_SEQUENCE_710FCB40_04AB_4CB1_A0A0_49BDD192F051
1327698167705|-1||resultset|select sequence_name from information_schema.sequences|SEQUENCE_NAME = SYSTEM_SEQUENCE_ED41FE93_0E2C_43FD_AB0C_FCEE07BBCFAA
1327698167705|-1||resultset|select sequence_name from information_schema.sequences|SEQUENCE_NAME = SYSTEM_SEQUENCE_EED173CD_7602_446C_BD22_110F42EADF4D
1327698167705|-1||resultset|select sequence_name from information_schema.sequences|SEQUENCE_NAME = SYSTEM_SEQUENCE_65359362_D15E_4202_BA95_59D3972BD058
1327698167705|-1||resultset|select sequence_name from information_schema.sequences|SEQUENCE_NAME = SYSTEM_SEQUENCE_87776163_A585_4156_A937_DD14D5DCE34E
1327698167705|-1||resultset|select sequence_name from information_schema.sequences|SEQUENCE_NAME = SYSTEM_SEQUENCE_93FF1251_6425_4802_B23C_886270304798
1327698167705|-1||resultset|select sequence_name from information_schema.sequences|SEQUENCE_NAME = SYSTEM_SEQUENCE_60FD4B91_E1C1_4013_96DE_81EDC26C56C5
1327698167706|-1||resultset|select sequence_name from information_schema.sequences|SEQUENCE_NAME = SYSTEM_SEQUENCE_9CC46146_F571_43BC_862E_5926E4C5CDBA
1327698167706|-1||resultset|select sequence_name from information_schema.sequences|SEQUENCE_NAME = SYSTEM_SEQUENCE_D9E0F90C_2017_4670_9D0D_3AAB6E6535A1
1327698167706|-1||resultset|select sequence_name from information_schema.sequences|SEQUENCE_NAME = SYSTEM_SEQUENCE_0D684E58_F045_4988_BF99_8C8E62DC17E2
1327698167706|-1||resultset|select sequence_name from information_schema.sequences|SEQUENCE_NAME = SYSTEM_SEQUENCE_079E6E2C_421B_499A_A145_BFBE77D1F168
1327698167706|-1||resultset|select sequence_name from information_schema.sequences|SEQUENCE_NAME = SYSTEM_SEQUENCE_283796E7_563D_4ACD_9585_28CD84DB26F6
1327698167706|-1||resultset|select sequence_name from information_schema.sequences|SEQUENCE_NAME = SYSTEM_SEQUENCE_1BD21C07_F5AC_448D_843C_E51074145A10
1327698167706|-1||resultset|select sequence_name from information_schema.sequences|SEQUENCE_NAME = SYSTEM_SEQUENCE_59F7603E_727B_42AE_A763_C68D6A1BF405
1327698167706|-1||resultset|select sequence_name from information_schema.sequences|SEQUENCE_NAME = SYSTEM_SEQUENCE_4264806E_EC3B_45A7_9774_6AB3418B41B6
1327698167707|-1||resultset|select sequence_name from information_schema.sequences|SEQUENCE_NAME = SYSTEM_SEQUENCE_7CC15AB0_6E9D_4B0F_89EA_7662BF469DA7
1327698167707|-1||resultset|select sequence_name from information_schema.sequences|SEQUENCE_NAME = SYSTEM_SEQUENCE_B5F792E4_F908_4D9B_8DE2_AC717897FDE9
1327698167707|-1||resultset|select sequence_name from information_schema.sequences|SEQUENCE_NAME = SYSTEM_SEQUENCE_9D7C0F69_4BC8_4E7E_A4D1_8C1B32B0C0D7
1327698167707|-1||resultset|select sequence_name from information_schema.sequences|SEQUENCE_NAME = SYSTEM_SEQUENCE_478079E5_A823_4781_8994_33291A65C4C5
1327698167707|-1||resultset|select sequence_name from information_schema.sequences|SEQUENCE_NAME = SYSTEM_SEQUENCE_6B2C38D1_1AB7_404E_A2A6_899D3F6DC3B3
1327698167707|-1||resultset|select sequence_name from information_schema.sequences|SEQUENCE_NAME = SYSTEM_SEQUENCE_EB096F63_CBEE_4403_BBBC_929A0A9286F9
1327698167707|-1||resultset|select sequence_name from information_schema.sequences|SEQUENCE_NAME = SYSTEM_SEQUENCE_B8BCF708_E9EB_4D08_8B65_6A89C6407BA9
1327698167707|-1||resultset|select sequence_name from information_schema.sequences|SEQUENCE_NAME = SYSTEM_SEQUENCE_DAE1CBED_6D4E_49C5_BDE9_FC583535520F
1327698167707|-1||resultset|select sequence_name from information_schema.sequences|SEQUENCE_NAME = SYSTEM_SEQUENCE_3D0FF527_3348_47C3_95F1_00C001835F54
1327698167708|-1||resultset|select sequence_name from information_schema.sequences|SEQUENCE_NAME = SYSTEM_SEQUENCE_4EC782A9_4550_474A_B064_E1BB3F2752F0
1327698167708|-1||resultset|select sequence_name from information_schema.sequences|SEQUENCE_NAME = SYSTEM_SEQUENCE_EA5B7B82_1F38_41B4_85E4_8581B8A4818A
1327698167708|-1||resultset|select sequence_name from information_schema.sequences|SEQUENCE_NAME = SYSTEM_SEQUENCE_594850D1_3504_4C5E_B29F_BFB6EEEAD0B9
1327698167708|-1||resultset|select sequence_name from information_schema.sequences|SEQUENCE_NAME = SYSTEM_SEQUENCE_AA7F562B_571D_4D0A_B9C1_4372C5331FB5
1327698167708|-1||resultset|select sequence_name from information_schema.sequences|SEQUENCE_NAME = SYSTEM_SEQUENCE_D27AB1CB_A2D1_4A5B_B9E9_2C951D4EAB87
1327698167708|-1||resultset|select sequence_name from information_schema.sequences|SEQUENCE_NAME = SYSTEM_SEQUENCE_4670087F_AE78_42A7_BE99_B44E74E419AC
1327698167708|-1||resultset|select sequence_name from information_schema.sequences|SEQUENCE_NAME = SYSTEM_SEQUENCE_62428F40_CD7E_4AF0_911A_D0A8C687AF7C
1327698167709|-1||resultset|select sequence_name from information_schema.sequences|SEQUENCE_NAME = SYSTEM_SEQUENCE_A4BA3DEF_3F63_4DCB_81EC_934C2487FD7F
1327698167709|-1||resultset|select sequence_name from information_schema.sequences|SEQUENCE_NAME = SYSTEM_SEQUENCE_229DD44D_E4CB_44CD_93CF_1755E26223EE
1327698167709|-1||resultset|select sequence_name from information_schema.sequences|SEQUENCE_NAME = SYSTEM_SEQUENCE_B4DB1D23_1C40_4647_A4A7_16A1F809B9AB
1327698167709|-1||resultset|select sequence_name from information_schema.sequences|SEQUENCE_NAME = SYSTEM_SEQUENCE_FC37CF89_369B_48C3_8145_DE56C251169C
1327698167709|-1||resultset|select sequence_name from information_schema.sequences|SEQUENCE_NAME = SYSTEM_SEQUENCE_479524F0_131B_4375_8B72_82D85956CA20
1327698167709|-1||resultset|select sequence_name from information_schema.sequences|SEQUENCE_NAME = SYSTEM_SEQUENCE_491E77BF_74D3_4BAF_AA57_1BEA5DD6C49B
1327698167709|-1||resultset|select sequence_name from information_schema.sequences|SEQUENCE_NAME = SYSTEM_SEQUENCE_F5FCEC12_BCA5_4F1C_A7D9_34C926643DC5
1327698167709|-1||resultset|select sequence_name from information_schema.sequences|SEQUENCE_NAME = SYSTEM_SEQUENCE_E7BB1A81_E1F3_4493_AA90_51EE19FA207D
1327698167709|-1||resultset|select sequence_name from information_schema.sequences|SEQUENCE_NAME = SYSTEM_SEQUENCE_4AA73A2A_9BE2_42C7_82B6_F7F1D7B306A5
1327698167710|-1||resultset|select sequence_name from information_schema.sequences|SEQUENCE_NAME = SYSTEM_SEQUENCE_F04516A8_9531_443D_B39C_7D5934DB6D5C
1327698167710|-1||resultset|select sequence_name from information_schema.sequences|SEQUENCE_NAME = SYSTEM_SEQUENCE_AACCA556_47B1_45D8_95C6_007532C634D9
1327698167710|-1||resultset|select sequence_name from information_schema.sequences|SEQUENCE_NAME = SYSTEM_SEQUENCE_C4C44FE3_4299_4070_A6D3_9CF550F3C3A9
1327698167710|-1||resultset|select sequence_name from information_schema.sequences|SEQUENCE_NAME = SYSTEM_SEQUENCE_5D3E6B32_2557_4DA3_8CC5_8776813B109A
1327698167710|-1||resultset|select sequence_name from information_schema.sequences|SEQUENCE_NAME = SYSTEM_SEQUENCE_52C46DEE_6468_43A7_B07D_21C6926ECCA0
1327698167710|-1||resultset|select sequence_name from information_schema.sequences|SEQUENCE_NAME = SYSTEM_SEQUENCE_EA83D938_AAA5_4690_A6E4_629D0EA07E26
1327698167710|-1||resultset|select sequence_name from information_schema.sequences|SEQUENCE_NAME = SYSTEM_SEQUENCE_1A611E18_AF25_4A59_B7C8_169D3C6490A8
1327698170160|2|0|statement|select subsystem0_.id as id40_, subsystem0_.last_change as last2_40_, subsystem0_.name as name40_ from public.sub_system subsystem0_ where subsystem0_.name=?|select subsystem0_.id as id40_, subsystem0_.last_change as last2_40_, subsystem0_.name as name40_ from public.sub_system subsystem0_ where subsystem0_.name='OrgUnits'
1327698170178|-1||resultset|select subsystem0_.id as id40_, subsystem0_.last_change as last2_40_, subsystem0_.name as name40_ from public.sub_system subsystem0_ where subsystem0_.name='OrgUnits'|id40_ = 2, name40_ = OrgUnits
1327698170201|0|0|statement|select subsystem0_.id as id40_, subsystem0_.last_change as last2_40_, subsystem0_.name as name40_ from public.sub_system subsystem0_ where subsystem0_.name=?|select subsystem0_.id as id40_, subsystem0_.last_change as last2_40_, subsystem0_.name as name40_ from public.sub_system subsystem0_ where subsystem0_.name='Licensing'
1327698170202|-1||resultset|select subsystem0_.id as id40_, subsystem0_.last_change as last2_40_, subsystem0_.name as name40_ from public.sub_system subsystem0_ where subsystem0_.name='Licensing'|id40_ = 3, name40_ = Licensing
1327698170242|0|0|statement|select educationf0_.id as id48_, educationf0_.last_change as last2_48_, educationf0_.name as name48_, educationf0_.ukey as ukey48_, educationf0_.is_obsolete as is5_48_, educationf0_.short_name as short6_48_, educationf0_.rang as rang48_ from public.education_form educationf0_ where educationf0_.name=? or educationf0_.ukey=? or educationf0_.short_name=?|select educationf0_.id as id48_, educationf0_.last_change as last2_48_, educationf0_.name as name48_, educationf0_.ukey as ukey48_, educationf0_.is_obsolete as is5_48_, educationf0_.short_name as short6_48_, educationf0_.rang as rang48_ from public.education_form educationf0_ where educationf0_.name='Денна' or educationf0_.ukey='STATIONARY' or educationf0_.short_name='Ден.'
1327698170244|-1||resultset|select educationf0_.id as id48_, educationf0_.last_change as last2_48_, educationf0_.name as name48_, educationf0_.ukey as ukey48_, educationf0_.is_obsolete as is5_48_, educationf0_.short_name as short6_48_, educationf0_.rang as rang48_ from public.education_form educationf0_ where educationf0_.name='Денна' or educationf0_.ukey='STATIONARY' or educationf0_.short_name='Ден.'|id48_ = 1, name48_ = Денна, rang48_ = 1, short6_48_ = Ден., ukey48_ = STATIONARY
1327698170261|0|0|statement|select educationf0_.id as id48_, educationf0_.last_change as last2_48_, educationf0_.name as name48_, educationf0_.ukey as ukey48_, educationf0_.is_obsolete as is5_48_, educationf0_.short_name as short6_48_, educationf0_.rang as rang48_ from public.education_form educationf0_ where educationf0_.name=? or educationf0_.ukey=? or educationf0_.short_name=?|select educationf0_.id as id48_, educationf0_.last_change as last2_48_, educationf0_.name as name48_, educationf0_.ukey as ukey48_, educationf0_.is_obsolete as is5_48_, educationf0_.short_name as short6_48_, educationf0_.rang as rang48_ from public.education_form educationf0_ where educationf0_.name='Заочна' or educationf0_.ukey='CORRESPONDENCE' or educationf0_.short_name='Заоч.'
1327698170262|-1||resultset|select educationf0_.id as id48_, educationf0_.last_change as last2_48_, educationf0_.name as name48_, educationf0_.ukey as ukey48_, educationf0_.is_obsolete as is5_48_, educationf0_.short_name as short6_48_, educationf0_.rang as rang48_ from public.education_form educationf0_ where educationf0_.name='Заочна' or educationf0_.ukey='CORRESPONDENCE' or educationf0_.short_name='Заоч.'|id48_ = 2, name48_ = Заочна, rang48_ = 2, short6_48_ = Заоч., ukey48_ = CORRESPONDENCE
1327698170298|0|0|statement|select educationa0_.id as id12_, educationa0_.last_change as last2_12_, educationa0_.name as name12_, educationa0_.ukey as ukey12_, educationa0_.is_obsolete as is5_12_, educationa0_.short_name as short6_12_, educationa0_.code as code12_ from public.educational_qualification_level educationa0_ where educationa0_.name=? or educationa0_.code=? or educationa0_.ukey=? or educationa0_.short_name=?|select educationa0_.id as id12_, educationa0_.last_change as last2_12_, educationa0_.name as name12_, educationa0_.ukey as ukey12_, educationa0_.is_obsolete as is5_12_, educationa0_.short_name as short6_12_, educationa0_.code as code12_ from public.educational_qualification_level educationa0_ where educationa0_.name='Молодший спеціаліст' or educationa0_.code='5' or educationa0_.ukey='JUNIOR_SPECIALIST' or educationa0_.short_name='мол.сп.'
1327698170299|-1||resultset|select educationa0_.id as id12_, educationa0_.last_change as last2_12_, educationa0_.name as name12_, educationa0_.ukey as ukey12_, educationa0_.is_obsolete as is5_12_, educationa0_.short_name as short6_12_, educationa0_.code as code12_ from public.educational_qualification_level educationa0_ where educationa0_.name='Молодший спеціаліст' or educationa0_.code='5' or educationa0_.ukey='JUNIOR_SPECIALIST' or educationa0_.short_name='мол.сп.'|code12_ = 5, id12_ = 1, name12_ = Молодший спеціаліст, short6_12_ = мол.сп., ukey12_ = JUNIOR_SPECIALIST
1327698170301|0|0|statement|select educationa0_.id as id12_, educationa0_.last_change as last2_12_, educationa0_.name as name12_, educationa0_.ukey as ukey12_, educationa0_.is_obsolete as is5_12_, educationa0_.short_name as short6_12_, educationa0_.code as code12_ from public.educational_qualification_level educationa0_ where educationa0_.name=? or educationa0_.code=? or educationa0_.ukey=? or educationa0_.short_name=?|select educationa0_.id as id12_, educationa0_.last_change as last2_12_, educationa0_.name as name12_, educationa0_.ukey as ukey12_, educationa0_.is_obsolete as is5_12_, educationa0_.short_name as short6_12_, educationa0_.code as code12_ from public.educational_qualification_level educationa0_ where educationa0_.name='Бакалавр' or educationa0_.code='6' or educationa0_.ukey='BACHELOR' or educationa0_.short_name='бак.'
1327698170302|-1||resultset|select educationa0_.id as id12_, educationa0_.last_change as last2_12_, educationa0_.name as name12_, educationa0_.ukey as ukey12_, educationa0_.is_obsolete as is5_12_, educationa0_.short_name as short6_12_, educationa0_.code as code12_ from public.educational_qualification_level educationa0_ where educationa0_.name='Бакалавр' or educationa0_.code='6' or educationa0_.ukey='BACHELOR' or educationa0_.short_name='бак.'|code12_ = 6, id12_ = 2, name12_ = Бакалавр, short6_12_ = бак., ukey12_ = BACHELOR
1327698170305|0|0|statement|select educationa0_.id as id12_, educationa0_.last_change as last2_12_, educationa0_.name as name12_, educationa0_.ukey as ukey12_, educationa0_.is_obsolete as is5_12_, educationa0_.short_name as short6_12_, educationa0_.code as code12_ from public.educational_qualification_level educationa0_ where educationa0_.name=? or educationa0_.code=? or educationa0_.ukey=? or educationa0_.short_name=?|select educationa0_.id as id12_, educationa0_.last_change as last2_12_, educationa0_.name as name12_, educationa0_.ukey as ukey12_, educationa0_.is_obsolete as is5_12_, educationa0_.short_name as short6_12_, educationa0_.code as code12_ from public.educational_qualification_level educationa0_ where educationa0_.name='Спеціаліст' or educationa0_.code='7' or educationa0_.ukey='SPECIALIST' or educationa0_.short_name='спец.'
1327698170306|-1||resultset|select educationa0_.id as id12_, educationa0_.last_change as last2_12_, educationa0_.name as name12_, educationa0_.ukey as ukey12_, educationa0_.is_obsolete as is5_12_, educationa0_.short_name as short6_12_, educationa0_.code as code12_ from public.educational_qualification_level educationa0_ where educationa0_.name='Спеціаліст' or educationa0_.code='7' or educationa0_.ukey='SPECIALIST' or educationa0_.short_name='спец.'|code12_ = 7, id12_ = 3, name12_ = Спеціаліст, short6_12_ = спец., ukey12_ = SPECIALIST
1327698170309|0|0|statement|select educationa0_.id as id12_, educationa0_.last_change as last2_12_, educationa0_.name as name12_, educationa0_.ukey as ukey12_, educationa0_.is_obsolete as is5_12_, educationa0_.short_name as short6_12_, educationa0_.code as code12_ from public.educational_qualification_level educationa0_ where educationa0_.name=? or educationa0_.code=? or educationa0_.ukey=? or educationa0_.short_name=?|select educationa0_.id as id12_, educationa0_.last_change as last2_12_, educationa0_.name as name12_, educationa0_.ukey as ukey12_, educationa0_.is_obsolete as is5_12_, educationa0_.short_name as short6_12_, educationa0_.code as code12_ from public.educational_qualification_level educationa0_ where educationa0_.name='Магістр' or educationa0_.code='8' or educationa0_.ukey='MASTER' or educationa0_.short_name='маг.'
1327698170309|-1||resultset|select educationa0_.id as id12_, educationa0_.last_change as last2_12_, educationa0_.name as name12_, educationa0_.ukey as ukey12_, educationa0_.is_obsolete as is5_12_, educationa0_.short_name as short6_12_, educationa0_.code as code12_ from public.educational_qualification_level educationa0_ where educationa0_.name='Магістр' or educationa0_.code='8' or educationa0_.ukey='MASTER' or educationa0_.short_name='маг.'|code12_ = 8, id12_ = 4, name12_ = Магістр, short6_12_ = маг., ukey12_ = MASTER
1327698170362|1|0|statement|select licenserec0_.id as id34_, licenserec0_.last_change as last2_34_, licenserec0_.name as name34_, licenserec0_.ukey as ukey34_, licenserec0_.is_obsolete as is5_34_, licenserec0_.short_name as short6_34_ from public.license_record_group licenserec0_ where licenserec0_.name=? or licenserec0_.ukey=?|select licenserec0_.id as id34_, licenserec0_.last_change as last2_34_, licenserec0_.name as name34_, licenserec0_.ukey as ukey34_, licenserec0_.is_obsolete as is5_34_, licenserec0_.short_name as short6_34_ from public.license_record_group licenserec0_ where licenserec0_.name='Підготовка бакалаврів, спеціалістів. магістрів' or licenserec0_.ukey='BACH_SPEC_MAG_PREPARE'
1327698170362|-1||resultset|select licenserec0_.id as id34_, licenserec0_.last_change as last2_34_, licenserec0_.name as name34_, licenserec0_.ukey as ukey34_, licenserec0_.is_obsolete as is5_34_, licenserec0_.short_name as short6_34_ from public.license_record_group licenserec0_ where licenserec0_.name='Підготовка бакалаврів, спеціалістів. магістрів' or licenserec0_.ukey='BACH_SPEC_MAG_PREPARE'|id34_ = 1, name34_ = Підготовка бакалаврів, спеціалістів. магістрів, short6_34_ = null, ukey34_ = BACH_SPEC_MAG_PREPARE
1327698170365|1|0|statement|select licenserec0_.id as id34_, licenserec0_.last_change as last2_34_, licenserec0_.name as name34_, licenserec0_.ukey as ukey34_, licenserec0_.is_obsolete as is5_34_, licenserec0_.short_name as short6_34_ from public.license_record_group licenserec0_ where licenserec0_.name=? or licenserec0_.ukey=?|select licenserec0_.id as id34_, licenserec0_.last_change as last2_34_, licenserec0_.name as name34_, licenserec0_.ukey as ukey34_, licenserec0_.is_obsolete as is5_34_, licenserec0_.short_name as short6_34_ from public.license_record_group licenserec0_ where licenserec0_.name='Перепідготовка спеціалістів' or licenserec0_.ukey='SPEC_RETRAINING'
1327698170365|-1||resultset|select licenserec0_.id as id34_, licenserec0_.last_change as last2_34_, licenserec0_.name as name34_, licenserec0_.ukey as ukey34_, licenserec0_.is_obsolete as is5_34_, licenserec0_.short_name as short6_34_ from public.license_record_group licenserec0_ where licenserec0_.name='Перепідготовка спеціалістів' or licenserec0_.ukey='SPEC_RETRAINING'|id34_ = 2, name34_ = Перепідготовка спеціалістів, short6_34_ = null, ukey34_ = SPEC_RETRAINING
1327698170368|0|0|statement|select licenserec0_.id as id34_, licenserec0_.last_change as last2_34_, licenserec0_.name as name34_, licenserec0_.ukey as ukey34_, licenserec0_.is_obsolete as is5_34_, licenserec0_.short_name as short6_34_ from public.license_record_group licenserec0_ where licenserec0_.name=? or licenserec0_.ukey=?|select licenserec0_.id as id34_, licenserec0_.last_change as last2_34_, licenserec0_.name as name34_, licenserec0_.ukey as ukey34_, licenserec0_.is_obsolete as is5_34_, licenserec0_.short_name as short6_34_ from public.license_record_group licenserec0_ where licenserec0_.name='Для колледжу Класичного приватного університету' or licenserec0_.ukey='FOR_CPU_COLLEDGE'
1327698170368|-1||resultset|select licenserec0_.id as id34_, licenserec0_.last_change as last2_34_, licenserec0_.name as name34_, licenserec0_.ukey as ukey34_, licenserec0_.is_obsolete as is5_34_, licenserec0_.short_name as short6_34_ from public.license_record_group licenserec0_ where licenserec0_.name='Для колледжу Класичного приватного університету' or licenserec0_.ukey='FOR_CPU_COLLEDGE'|id34_ = 3, name34_ = Для колледжу Класичного приватного університету, short6_34_ = null, ukey34_ = FOR_CPU_COLLEDGE
1327698170371|0|0|statement|select licenserec0_.id as id34_, licenserec0_.last_change as last2_34_, licenserec0_.name as name34_, licenserec0_.ukey as ukey34_, licenserec0_.is_obsolete as is5_34_, licenserec0_.short_name as short6_34_ from public.license_record_group licenserec0_ where licenserec0_.name=? or licenserec0_.ukey=?|select licenserec0_.id as id34_, licenserec0_.last_change as last2_34_, licenserec0_.name as name34_, licenserec0_.ukey as ukey34_, licenserec0_.is_obsolete as is5_34_, licenserec0_.short_name as short6_34_ from public.license_record_group licenserec0_ where licenserec0_.name='Підготовка бакалаврів' or licenserec0_.ukey='BACH_TRAINING'
1327698170371|-1||resultset|select licenserec0_.id as id34_, licenserec0_.last_change as last2_34_, licenserec0_.name as name34_, licenserec0_.ukey as ukey34_, licenserec0_.is_obsolete as is5_34_, licenserec0_.short_name as short6_34_ from public.license_record_group licenserec0_ where licenserec0_.name='Підготовка бакалаврів' or licenserec0_.ukey='BACH_TRAINING'|id34_ = 4, name34_ = Підготовка бакалаврів, short6_34_ = null, ukey34_ = BACH_TRAINING
1327698170374|1|0|statement|select licenserec0_.id as id34_, licenserec0_.last_change as last2_34_, licenserec0_.name as name34_, licenserec0_.ukey as ukey34_, licenserec0_.is_obsolete as is5_34_, licenserec0_.short_name as short6_34_ from public.license_record_group licenserec0_ where licenserec0_.name=? or licenserec0_.ukey=?|select licenserec0_.id as id34_, licenserec0_.last_change as last2_34_, licenserec0_.name as name34_, licenserec0_.ukey as ukey34_, licenserec0_.is_obsolete as is5_34_, licenserec0_.short_name as short6_34_ from public.license_record_group licenserec0_ where licenserec0_.name='Підготовка молодших спеціалістів' or licenserec0_.ukey='JUNIOR_SPEC_TRAINING'
1327698170374|-1||resultset|select licenserec0_.id as id34_, licenserec0_.last_change as last2_34_, licenserec0_.name as name34_, licenserec0_.ukey as ukey34_, licenserec0_.is_obsolete as is5_34_, licenserec0_.short_name as short6_34_ from public.license_record_group licenserec0_ where licenserec0_.name='Підготовка молодших спеціалістів' or licenserec0_.ukey='JUNIOR_SPEC_TRAINING'|id34_ = 5, name34_ = Підготовка молодших спеціалістів, short6_34_ = null, ukey34_ = JUNIOR_SPEC_TRAINING
1327698170381|0|0|statement|select subsystem0_.id as id40_, subsystem0_.last_change as last2_40_, subsystem0_.name as name40_ from public.sub_system subsystem0_ where subsystem0_.name=?|select subsystem0_.id as id40_, subsystem0_.last_change as last2_40_, subsystem0_.name as name40_ from public.sub_system subsystem0_ where subsystem0_.name='Security'
1327698170381|-1||resultset|select subsystem0_.id as id40_, subsystem0_.last_change as last2_40_, subsystem0_.name as name40_ from public.sub_system subsystem0_ where subsystem0_.name='Security'|id40_ = 34, name40_ = Security
1327698170392|0|0|statement|select subsystem0_.id as id40_, subsystem0_.last_change as last2_40_, subsystem0_.name as name40_ from public.sub_system subsystem0_ where subsystem0_.name=?|select subsystem0_.id as id40_, subsystem0_.last_change as last2_40_, subsystem0_.name as name40_ from public.sub_system subsystem0_ where subsystem0_.name='EduProcPlanning'
1327698170393|-1||resultset|select subsystem0_.id as id40_, subsystem0_.last_change as last2_40_, subsystem0_.name as name40_ from public.sub_system subsystem0_ where subsystem0_.name='EduProcPlanning'|id40_ = 4, name40_ = EduProcPlanning
1327698170398|0|0|statement|select subsystem0_.id as id40_, subsystem0_.last_change as last2_40_, subsystem0_.name as name40_ from public.sub_system subsystem0_ where subsystem0_.name=?|select subsystem0_.id as id40_, subsystem0_.last_change as last2_40_, subsystem0_.name as name40_ from public.sub_system subsystem0_ where subsystem0_.name='Students'
1327698170399|-1||resultset|select subsystem0_.id as id40_, subsystem0_.last_change as last2_40_, subsystem0_.name as name40_ from public.sub_system subsystem0_ where subsystem0_.name='Students'|id40_ = 1, name40_ = Students
1327698170405|0|0|statement|select subsystem0_.id as id40_, subsystem0_.last_change as last2_40_, subsystem0_.name as name40_ from public.sub_system subsystem0_ where subsystem0_.name=?|select subsystem0_.id as id40_, subsystem0_.last_change as last2_40_, subsystem0_.name as name40_ from public.sub_system subsystem0_ where subsystem0_.name='Persons'
1327698170405|-1||resultset|select subsystem0_.id as id40_, subsystem0_.last_change as last2_40_, subsystem0_.name as name40_ from public.sub_system subsystem0_ where subsystem0_.name='Persons'|id40_ = 33, name40_ = Persons
1327698170407|0|0|commit||
1327698186176|0|0|statement|select discipline0_.id as id36_, discipline0_.last_change as last2_36_, discipline0_.name as name36_, discipline0_.ukey as ukey36_, discipline0_.is_obsolete as is5_36_, discipline0_.short_name as short6_36_ from public.discipline discipline0_|select discipline0_.id as id36_, discipline0_.last_change as last2_36_, discipline0_.name as name36_, discipline0_.ukey as ukey36_, discipline0_.is_obsolete as is5_36_, discipline0_.short_name as short6_36_ from public.discipline discipline0_
1327698186177|-1||resultset|select discipline0_.id as id36_, discipline0_.last_change as last2_36_, discipline0_.name as name36_, discipline0_.ukey as ukey36_, discipline0_.is_obsolete as is5_36_, discipline0_.short_name as short6_36_ from public.discipline discipline0_|id36_ = 1, name36_ = Іноземна мова, short6_36_ = Ін.мова, ukey36_ = null
1327698186177|-1||resultset|select discipline0_.id as id36_, discipline0_.last_change as last2_36_, discipline0_.name as name36_, discipline0_.ukey as ukey36_, discipline0_.is_obsolete as is5_36_, discipline0_.short_name as short6_36_ from public.discipline discipline0_|id36_ = 2, name36_ = Правознавство, short6_36_ = Правозн., ukey36_ = null
1327698186177|-1||resultset|select discipline0_.id as id36_, discipline0_.last_change as last2_36_, discipline0_.name as name36_, discipline0_.ukey as ukey36_, discipline0_.is_obsolete as is5_36_, discipline0_.short_name as short6_36_ from public.discipline discipline0_|id36_ = 3, name36_ = Математичний аналіз, short6_36_ = Мат.аналіз, ukey36_ = null
1327698186178|-1||resultset|select discipline0_.id as id36_, discipline0_.last_change as last2_36_, discipline0_.name as name36_, discipline0_.ukey as ukey36_, discipline0_.is_obsolete as is5_36_, discipline0_.short_name as short6_36_ from public.discipline discipline0_|id36_ = 4, name36_ = Фізика, short6_36_ = Фізика, ukey36_ = null
1327698186178|-1||resultset|select discipline0_.id as id36_, discipline0_.last_change as last2_36_, discipline0_.name as name36_, discipline0_.ukey as ukey36_, discipline0_.is_obsolete as is5_36_, discipline0_.short_name as short6_36_ from public.discipline discipline0_|id36_ = 5, name36_ = Комп'ютерна дискретна математика, short6_36_ = КДМ, ukey36_ = null
1327698186178|-1||resultset|select discipline0_.id as id36_, discipline0_.last_change as last2_36_, discipline0_.name as name36_, discipline0_.ukey as ukey36_, discipline0_.is_obsolete as is5_36_, discipline0_.short_name as short6_36_ from public.discipline discipline0_|id36_ = 6, name36_ = Дискретні структури, short6_36_ = ДС, ukey36_ = null
1327698186179|-1||resultset|select discipline0_.id as id36_, discipline0_.last_change as last2_36_, discipline0_.name as name36_, discipline0_.ukey as ukey36_, discipline0_.is_obsolete as is5_36_, discipline0_.short_name as short6_36_ from public.discipline discipline0_|id36_ = 7, name36_ = Українська мова (за професійним спрямуванням), short6_36_ = Укр.мова, ukey36_ = null
1327698186179|-1||resultset|select discipline0_.id as id36_, discipline0_.last_change as last2_36_, discipline0_.name as name36_, discipline0_.ukey as ukey36_, discipline0_.is_obsolete as is5_36_, discipline0_.short_name as short6_36_ from public.discipline discipline0_|id36_ = 8, name36_ = Політологія, short6_36_ = Політолог., ukey36_ = null
1327698186179|-1||resultset|select discipline0_.id as id36_, discipline0_.last_change as last2_36_, discipline0_.name as name36_, discipline0_.ukey as ukey36_, discipline0_.is_obsolete as is5_36_, discipline0_.short_name as short6_36_ from public.discipline discipline0_|id36_ = 9, name36_ = Алгебра та геометрія, short6_36_ = АГ, ukey36_ = null
1327698186179|-1||resultset|select discipline0_.id as id36_, discipline0_.last_change as last2_36_, discipline0_.name as name36_, discipline0_.ukey as ukey36_, discipline0_.is_obsolete as is5_36_, discipline0_.short_name as short6_36_ from public.discipline discipline0_|id36_ = 10, name36_ = Функціональний аналіз, short6_36_ = Функц.аналіз, ukey36_ = null
1327698186180|-1||resultset|select discipline0_.id as id36_, discipline0_.last_change as last2_36_, discipline0_.name as name36_, discipline0_.ukey as ukey36_, discipline0_.is_obsolete as is5_36_, discipline0_.short_name as short6_36_ from public.discipline discipline0_|id36_ = 11, name36_ = Програмування, short6_36_ = Прогр., ukey36_ = null
1327698186180|-1||resultset|select discipline0_.id as id36_, discipline0_.last_change as last2_36_, discipline0_.name as name36_, discipline0_.ukey as ukey36_, discipline0_.is_obsolete as is5_36_, discipline0_.short_name as short6_36_ from public.discipline discipline0_|id36_ = 12, name36_ = Моделювання економічних, екологічних та соціальних процесів, short6_36_ = МЕЕСП, ukey36_ = null
1327698196163|4|0|statement|insert into public.discipline (id, last_change, name, ukey, is_obsolete, short_name) values (null, ?, ?, ?, ?, ?)|insert into public.discipline (id, last_change, name, ukey, is_obsolete, short_name) values (null, '2012-01-27 23:03:16.139', 'dfgrsdg', '', 'false', 'e')
1327698196166|0|0|commit||
1327698196310|1|0|statement|select discipline0_.id as id36_, discipline0_.last_change as last2_36_, discipline0_.name as name36_, discipline0_.ukey as ukey36_, discipline0_.is_obsolete as is5_36_, discipline0_.short_name as short6_36_ from public.discipline discipline0_|select discipline0_.id as id36_, discipline0_.last_change as last2_36_, discipline0_.name as name36_, discipline0_.ukey as ukey36_, discipline0_.is_obsolete as is5_36_, discipline0_.short_name as short6_36_ from public.discipline discipline0_
1327698196310|-1||resultset|select discipline0_.id as id36_, discipline0_.last_change as last2_36_, discipline0_.name as name36_, discipline0_.ukey as ukey36_, discipline0_.is_obsolete as is5_36_, discipline0_.short_name as short6_36_ from public.discipline discipline0_|id36_ = 1, name36_ = Іноземна мова, short6_36_ = Ін.мова, ukey36_ = null
1327698196310|-1||resultset|select discipline0_.id as id36_, discipline0_.last_change as last2_36_, discipline0_.name as name36_, discipline0_.ukey as ukey36_, discipline0_.is_obsolete as is5_36_, discipline0_.short_name as short6_36_ from public.discipline discipline0_|id36_ = 2, name36_ = Правознавство, short6_36_ = Правозн., ukey36_ = null
1327698196311|-1||resultset|select discipline0_.id as id36_, discipline0_.last_change as last2_36_, discipline0_.name as name36_, discipline0_.ukey as ukey36_, discipline0_.is_obsolete as is5_36_, discipline0_.short_name as short6_36_ from public.discipline discipline0_|id36_ = 3, name36_ = Математичний аналіз, short6_36_ = Мат.аналіз, ukey36_ = null
1327698196311|-1||resultset|select discipline0_.id as id36_, discipline0_.last_change as last2_36_, discipline0_.name as name36_, discipline0_.ukey as ukey36_, discipline0_.is_obsolete as is5_36_, discipline0_.short_name as short6_36_ from public.discipline discipline0_|id36_ = 4, name36_ = Фізика, short6_36_ = Фізика, ukey36_ = null
1327698196312|-1||resultset|select discipline0_.id as id36_, discipline0_.last_change as last2_36_, discipline0_.name as name36_, discipline0_.ukey as ukey36_, discipline0_.is_obsolete as is5_36_, discipline0_.short_name as short6_36_ from public.discipline discipline0_|id36_ = 5, name36_ = Комп'ютерна дискретна математика, short6_36_ = КДМ, ukey36_ = null
1327698196312|-1||resultset|select discipline0_.id as id36_, discipline0_.last_change as last2_36_, discipline0_.name as name36_, discipline0_.ukey as ukey36_, discipline0_.is_obsolete as is5_36_, discipline0_.short_name as short6_36_ from public.discipline discipline0_|id36_ = 6, name36_ = Дискретні структури, short6_36_ = ДС, ukey36_ = null
1327698196312|-1||resultset|select discipline0_.id as id36_, discipline0_.last_change as last2_36_, discipline0_.name as name36_, discipline0_.ukey as ukey36_, discipline0_.is_obsolete as is5_36_, discipline0_.short_name as short6_36_ from public.discipline discipline0_|id36_ = 7, name36_ = Українська мова (за професійним спрямуванням), short6_36_ = Укр.мова, ukey36_ = null
1327698196312|-1||resultset|select discipline0_.id as id36_, discipline0_.last_change as last2_36_, discipline0_.name as name36_, discipline0_.ukey as ukey36_, discipline0_.is_obsolete as is5_36_, discipline0_.short_name as short6_36_ from public.discipline discipline0_|id36_ = 8, name36_ = Політологія, short6_36_ = Політолог., ukey36_ = null
1327698196313|-1||resultset|select discipline0_.id as id36_, discipline0_.last_change as last2_36_, discipline0_.name as name36_, discipline0_.ukey as ukey36_, discipline0_.is_obsolete as is5_36_, discipline0_.short_name as short6_36_ from public.discipline discipline0_|id36_ = 9, name36_ = Алгебра та геометрія, short6_36_ = АГ, ukey36_ = null
1327698196313|-1||resultset|select discipline0_.id as id36_, discipline0_.last_change as last2_36_, discipline0_.name as name36_, discipline0_.ukey as ukey36_, discipline0_.is_obsolete as is5_36_, discipline0_.short_name as short6_36_ from public.discipline discipline0_|id36_ = 10, name36_ = Функціональний аналіз, short6_36_ = Функц.аналіз, ukey36_ = null
1327698196313|-1||resultset|select discipline0_.id as id36_, discipline0_.last_change as last2_36_, discipline0_.name as name36_, discipline0_.ukey as ukey36_, discipline0_.is_obsolete as is5_36_, discipline0_.short_name as short6_36_ from public.discipline discipline0_|id36_ = 11, name36_ = Програмування, short6_36_ = Прогр., ukey36_ = null
1327698196313|-1||resultset|select discipline0_.id as id36_, discipline0_.last_change as last2_36_, discipline0_.name as name36_, discipline0_.ukey as ukey36_, discipline0_.is_obsolete as is5_36_, discipline0_.short_name as short6_36_ from public.discipline discipline0_|id36_ = 12, name36_ = Моделювання економічних, екологічних та соціальних процесів, short6_36_ = МЕЕСП, ukey36_ = null
1327698196314|-1||resultset|select discipline0_.id as id36_, discipline0_.last_change as last2_36_, discipline0_.name as name36_, discipline0_.ukey as ukey36_, discipline0_.is_obsolete as is5_36_, discipline0_.short_name as short6_36_ from public.discipline discipline0_|id36_ = 33
1327698217211|0|0|statement|select discipline0_.id as id36_0_, discipline0_.last_change as last2_36_0_, discipline0_.name as name36_0_, discipline0_.ukey as ukey36_0_, discipline0_.is_obsolete as is5_36_0_, discipline0_.short_name as short6_36_0_ from public.discipline discipline0_ where discipline0_.id=?|select discipline0_.id as id36_0_, discipline0_.last_change as last2_36_0_, discipline0_.name as name36_0_, discipline0_.ukey as ukey36_0_, discipline0_.is_obsolete as is5_36_0_, discipline0_.short_name as short6_36_0_ from public.discipline discipline0_ where discipline0_.id=33
1327698217211|-1||resultset|select discipline0_.id as id36_0_, discipline0_.last_change as last2_36_0_, discipline0_.name as name36_0_, discipline0_.ukey as ukey36_0_, discipline0_.is_obsolete as is5_36_0_, discipline0_.short_name as short6_36_0_ from public.discipline discipline0_ where discipline0_.id=33|name36_0_ = dfgrsdg, short6_36_0_ = e, ukey36_0_ = null
1327698219265|0|0|commit||
1327698219331|0|0|statement|select discipline0_.id as id36_, discipline0_.last_change as last2_36_, discipline0_.name as name36_, discipline0_.ukey as ukey36_, discipline0_.is_obsolete as is5_36_, discipline0_.short_name as short6_36_ from public.discipline discipline0_|select discipline0_.id as id36_, discipline0_.last_change as last2_36_, discipline0_.name as name36_, discipline0_.ukey as ukey36_, discipline0_.is_obsolete as is5_36_, discipline0_.short_name as short6_36_ from public.discipline discipline0_
1327698219332|-1||resultset|select discipline0_.id as id36_, discipline0_.last_change as last2_36_, discipline0_.name as name36_, discipline0_.ukey as ukey36_, discipline0_.is_obsolete as is5_36_, discipline0_.short_name as short6_36_ from public.discipline discipline0_|id36_ = 1, name36_ = Іноземна мова, short6_36_ = Ін.мова, ukey36_ = null
1327698219332|-1||resultset|select discipline0_.id as id36_, discipline0_.last_change as last2_36_, discipline0_.name as name36_, discipline0_.ukey as ukey36_, discipline0_.is_obsolete as is5_36_, discipline0_.short_name as short6_36_ from public.discipline discipline0_|id36_ = 2, name36_ = Правознавство, short6_36_ = Правозн., ukey36_ = null
1327698219332|-1||resultset|select discipline0_.id as id36_, discipline0_.last_change as last2_36_, discipline0_.name as name36_, discipline0_.ukey as ukey36_, discipline0_.is_obsolete as is5_36_, discipline0_.short_name as short6_36_ from public.discipline discipline0_|id36_ = 3, name36_ = Математичний аналіз, short6_36_ = Мат.аналіз, ukey36_ = null
1327698219332|-1||resultset|select discipline0_.id as id36_, discipline0_.last_change as last2_36_, discipline0_.name as name36_, discipline0_.ukey as ukey36_, discipline0_.is_obsolete as is5_36_, discipline0_.short_name as short6_36_ from public.discipline discipline0_|id36_ = 4, name36_ = Фізика, short6_36_ = Фізика, ukey36_ = null
1327698219333|-1||resultset|select discipline0_.id as id36_, discipline0_.last_change as last2_36_, discipline0_.name as name36_, discipline0_.ukey as ukey36_, discipline0_.is_obsolete as is5_36_, discipline0_.short_name as short6_36_ from public.discipline discipline0_|id36_ = 5, name36_ = Комп'ютерна дискретна математика, short6_36_ = КДМ, ukey36_ = null
1327698219333|-1||resultset|select discipline0_.id as id36_, discipline0_.last_change as last2_36_, discipline0_.name as name36_, discipline0_.ukey as ukey36_, discipline0_.is_obsolete as is5_36_, discipline0_.short_name as short6_36_ from public.discipline discipline0_|id36_ = 6, name36_ = Дискретні структури, short6_36_ = ДС, ukey36_ = null
1327698219333|-1||resultset|select discipline0_.id as id36_, discipline0_.last_change as last2_36_, discipline0_.name as name36_, discipline0_.ukey as ukey36_, discipline0_.is_obsolete as is5_36_, discipline0_.short_name as short6_36_ from public.discipline discipline0_|id36_ = 7, name36_ = Українська мова (за професійним спрямуванням), short6_36_ = Укр.мова, ukey36_ = null
1327698219334|-1||resultset|select discipline0_.id as id36_, discipline0_.last_change as last2_36_, discipline0_.name as name36_, discipline0_.ukey as ukey36_, discipline0_.is_obsolete as is5_36_, discipline0_.short_name as short6_36_ from public.discipline discipline0_|id36_ = 8, name36_ = Політологія, short6_36_ = Політолог., ukey36_ = null
1327698219334|-1||resultset|select discipline0_.id as id36_, discipline0_.last_change as last2_36_, discipline0_.name as name36_, discipline0_.ukey as ukey36_, discipline0_.is_obsolete as is5_36_, discipline0_.short_name as short6_36_ from public.discipline discipline0_|id36_ = 9, name36_ = Алгебра та геометрія, short6_36_ = АГ, ukey36_ = null
1327698219334|-1||resultset|select discipline0_.id as id36_, discipline0_.last_change as last2_36_, discipline0_.name as name36_, discipline0_.ukey as ukey36_, discipline0_.is_obsolete as is5_36_, discipline0_.short_name as short6_36_ from public.discipline discipline0_|id36_ = 10, name36_ = Функціональний аналіз, short6_36_ = Функц.аналіз, ukey36_ = null
1327698219334|-1||resultset|select discipline0_.id as id36_, discipline0_.last_change as last2_36_, discipline0_.name as name36_, discipline0_.ukey as ukey36_, discipline0_.is_obsolete as is5_36_, discipline0_.short_name as short6_36_ from public.discipline discipline0_|id36_ = 11, name36_ = Програмування, short6_36_ = Прогр., ukey36_ = null
1327698219335|-1||resultset|select discipline0_.id as id36_, discipline0_.last_change as last2_36_, discipline0_.name as name36_, discipline0_.ukey as ukey36_, discipline0_.is_obsolete as is5_36_, discipline0_.short_name as short6_36_ from public.discipline discipline0_|id36_ = 12, name36_ = Моделювання економічних, екологічних та соціальних процесів, short6_36_ = МЕЕСП, ukey36_ = null
1327698219335|-1||resultset|select discipline0_.id as id36_, discipline0_.last_change as last2_36_, discipline0_.name as name36_, discipline0_.ukey as ukey36_, discipline0_.is_obsolete as is5_36_, discipline0_.short_name as short6_36_ from public.discipline discipline0_|id36_ = 33
1327698277284|3|0|statement|delete from public.discipline where id=? and last_change=?|delete from public.discipline where id=33 and last_change='2012-01-27 23:03:16.139'
1327698277285|0|0|commit||
1327698277345|0|0|statement|select discipline0_.id as id36_, discipline0_.last_change as last2_36_, discipline0_.name as name36_, discipline0_.ukey as ukey36_, discipline0_.is_obsolete as is5_36_, discipline0_.short_name as short6_36_ from public.discipline discipline0_|select discipline0_.id as id36_, discipline0_.last_change as last2_36_, discipline0_.name as name36_, discipline0_.ukey as ukey36_, discipline0_.is_obsolete as is5_36_, discipline0_.short_name as short6_36_ from public.discipline discipline0_
1327698277346|-1||resultset|select discipline0_.id as id36_, discipline0_.last_change as last2_36_, discipline0_.name as name36_, discipline0_.ukey as ukey36_, discipline0_.is_obsolete as is5_36_, discipline0_.short_name as short6_36_ from public.discipline discipline0_|id36_ = 1, name36_ = Іноземна мова, short6_36_ = Ін.мова, ukey36_ = null
1327698277346|-1||resultset|select discipline0_.id as id36_, discipline0_.last_change as last2_36_, discipline0_.name as name36_, discipline0_.ukey as ukey36_, discipline0_.is_obsolete as is5_36_, discipline0_.short_name as short6_36_ from public.discipline discipline0_|id36_ = 2, name36_ = Правознавство, short6_36_ = Правозн., ukey36_ = null
1327698277346|-1||resultset|select discipline0_.id as id36_, discipline0_.last_change as last2_36_, discipline0_.name as name36_, discipline0_.ukey as ukey36_, discipline0_.is_obsolete as is5_36_, discipline0_.short_name as short6_36_ from public.discipline discipline0_|id36_ = 3, name36_ = Математичний аналіз, short6_36_ = Мат.аналіз, ukey36_ = null
1327698277346|-1||resultset|select discipline0_.id as id36_, discipline0_.last_change as last2_36_, discipline0_.name as name36_, discipline0_.ukey as ukey36_, discipline0_.is_obsolete as is5_36_, discipline0_.short_name as short6_36_ from public.discipline discipline0_|id36_ = 4, name36_ = Фізика, short6_36_ = Фізика, ukey36_ = null
1327698277347|-1||resultset|select discipline0_.id as id36_, discipline0_.last_change as last2_36_, discipline0_.name as name36_, discipline0_.ukey as ukey36_, discipline0_.is_obsolete as is5_36_, discipline0_.short_name as short6_36_ from public.discipline discipline0_|id36_ = 5, name36_ = Комп'ютерна дискретна математика, short6_36_ = КДМ, ukey36_ = null
1327698277347|-1||resultset|select discipline0_.id as id36_, discipline0_.last_change as last2_36_, discipline0_.name as name36_, discipline0_.ukey as ukey36_, discipline0_.is_obsolete as is5_36_, discipline0_.short_name as short6_36_ from public.discipline discipline0_|id36_ = 6, name36_ = Дискретні структури, short6_36_ = ДС, ukey36_ = null
1327698277347|-1||resultset|select discipline0_.id as id36_, discipline0_.last_change as last2_36_, discipline0_.name as name36_, discipline0_.ukey as ukey36_, discipline0_.is_obsolete as is5_36_, discipline0_.short_name as short6_36_ from public.discipline discipline0_|id36_ = 7, name36_ = Українська мова (за професійним спрямуванням), short6_36_ = Укр.мова, ukey36_ = null
1327698277347|-1||resultset|select discipline0_.id as id36_, discipline0_.last_change as last2_36_, discipline0_.name as name36_, discipline0_.ukey as ukey36_, discipline0_.is_obsolete as is5_36_, discipline0_.short_name as short6_36_ from public.discipline discipline0_|id36_ = 8, name36_ = Політологія, short6_36_ = Політолог., ukey36_ = null
1327698277347|-1||resultset|select discipline0_.id as id36_, discipline0_.last_change as last2_36_, discipline0_.name as name36_, discipline0_.ukey as ukey36_, discipline0_.is_obsolete as is5_36_, discipline0_.short_name as short6_36_ from public.discipline discipline0_|id36_ = 9, name36_ = Алгебра та геометрія, short6_36_ = АГ, ukey36_ = null
1327698277348|-1||resultset|select discipline0_.id as id36_, discipline0_.last_change as last2_36_, discipline0_.name as name36_, discipline0_.ukey as ukey36_, discipline0_.is_obsolete as is5_36_, discipline0_.short_name as short6_36_ from public.discipline discipline0_|id36_ = 10, name36_ = Функціональний аналіз, short6_36_ = Функц.аналіз, ukey36_ = null
1327698277348|-1||resultset|select discipline0_.id as id36_, discipline0_.last_change as last2_36_, discipline0_.name as name36_, discipline0_.ukey as ukey36_, discipline0_.is_obsolete as is5_36_, discipline0_.short_name as short6_36_ from public.discipline discipline0_|id36_ = 11, name36_ = Програмування, short6_36_ = Прогр., ukey36_ = null
1327698277348|-1||resultset|select discipline0_.id as id36_, discipline0_.last_change as last2_36_, discipline0_.name as name36_, discipline0_.ukey as ukey36_, discipline0_.is_obsolete as is5_36_, discipline0_.short_name as short6_36_ from public.discipline discipline0_|id36_ = 12, name36_ = Моделювання економічних, екологічних та соціальних процесів, short6_36_ = МЕЕСП, ukey36_ = null
