07.06.2010 14:05:57 org.eclipse.birt.report.data.adapter.impl.ModelAdapter adaptDataSet
WARNING: handle type: org.eclipse.birt.report.model.api.ScriptDataSetHandle
07.06.2010 14:05:57 org.eclipse.birt.report.data.adapter.impl.ModelAdapter adaptDataSet
WARNING: handle type: org.eclipse.birt.report.model.api.ScriptDataSetHandle
07.06.2010 14:06:06 org.eclipse.birt.report.data.adapter.impl.ModelAdapter adaptDataSet
WARNING: handle type: org.eclipse.birt.report.model.api.ScriptDataSetHandle
07.06.2010 14:06:06 org.eclipse.birt.report.data.adapter.impl.ModelAdapter adaptDataSet
WARNING: handle type: org.eclipse.birt.report.model.api.ScriptDataSetHandle
07.06.2010 14:06:12 org.eclipse.birt.report.data.adapter.impl.ModelAdapter adaptDataSet
WARNING: handle type: org.eclipse.birt.report.model.api.ScriptDataSetHandle
07.06.2010 14:06:12 org.eclipse.birt.report.data.adapter.impl.ModelAdapter adaptDataSet
WARNING: handle type: org.eclipse.birt.report.model.api.ScriptDataSetHandle
07.06.2010 14:06:17 org.eclipse.birt.report.data.adapter.impl.ModelAdapter adaptDataSet
WARNING: handle type: org.eclipse.birt.report.model.api.ScriptDataSetHandle
07.06.2010 14:06:17 org.eclipse.birt.report.data.adapter.impl.ModelAdapter adaptDataSet
WARNING: handle type: org.eclipse.birt.report.model.api.ScriptDataSetHandle
07.06.2010 14:06:20 org.eclipse.birt.report.data.adapter.impl.ModelAdapter adaptDataSet
WARNING: handle type: org.eclipse.birt.report.model.api.ScriptDataSetHandle
07.06.2010 14:06:20 org.eclipse.birt.report.data.adapter.impl.ModelAdapter adaptDataSet
WARNING: handle type: org.eclipse.birt.report.model.api.ScriptDataSetHandle
07.06.2010 14:06:21 org.eclipse.birt.report.data.adapter.impl.ModelAdapter adaptDataSet
WARNING: handle type: org.eclipse.birt.report.model.api.ScriptDataSetHandle
07.06.2010 14:06:21 org.eclipse.birt.report.data.adapter.impl.ModelAdapter adaptDataSet
WARNING: handle type: org.eclipse.birt.report.model.api.ScriptDataSetHandle
07.06.2010 14:06:24 org.eclipse.birt.report.data.adapter.impl.ModelAdapter adaptDataSet
WARNING: handle type: org.eclipse.birt.report.model.api.ScriptDataSetHandle
07.06.2010 14:06:24 org.eclipse.birt.report.data.adapter.impl.ModelAdapter adaptDataSet
WARNING: handle type: org.eclipse.birt.report.model.api.ScriptDataSetHandle
07.06.2010 14:06:27 org.eclipse.birt.report.data.adapter.impl.ModelAdapter adaptDataSet
WARNING: handle type: org.eclipse.birt.report.model.api.ScriptDataSetHandle
07.06.2010 14:06:27 org.eclipse.birt.report.data.adapter.impl.ModelAdapter adaptDataSet
WARNING: handle type: org.eclipse.birt.report.model.api.ScriptDataSetHandle
07.06.2010 14:06:29 org.eclipse.birt.report.data.adapter.impl.ModelAdapter adaptDataSet
WARNING: handle type: org.eclipse.birt.report.model.api.ScriptDataSetHandle
07.06.2010 14:06:29 org.eclipse.birt.report.data.adapter.impl.ModelAdapter adaptDataSet
WARNING: handle type: org.eclipse.birt.report.model.api.ScriptDataSetHandle
07.06.2010 14:06:31 org.eclipse.birt.report.data.adapter.impl.ModelAdapter adaptDataSet
WARNING: handle type: org.eclipse.birt.report.model.api.ScriptDataSetHandle
07.06.2010 14:06:31 org.eclipse.birt.report.data.adapter.impl.ModelAdapter adaptDataSet
WARNING: handle type: org.eclipse.birt.report.model.api.ScriptDataSetHandle
07.06.2010 14:06:32 org.eclipse.birt.report.data.adapter.impl.ModelAdapter adaptDataSet
WARNING: handle type: org.eclipse.birt.report.model.api.ScriptDataSetHandle
07.06.2010 14:06:32 org.eclipse.birt.report.data.adapter.impl.ModelAdapter adaptDataSet
WARNING: handle type: org.eclipse.birt.report.model.api.ScriptDataSetHandle
07.06.2010 14:07:19 org.eclipse.birt.report.data.adapter.impl.ModelAdapter adaptDataSet
WARNING: handle type: org.eclipse.birt.report.model.api.ScriptDataSetHandle
07.06.2010 14:07:19 org.eclipse.birt.report.data.adapter.impl.ModelAdapter adaptDataSet
WARNING: handle type: org.eclipse.birt.report.model.api.ScriptDataSetHandle
07.06.2010 14:07:22 org.eclipse.birt.report.data.adapter.impl.ModelAdapter adaptDataSet
WARNING: handle type: org.eclipse.birt.report.model.api.ScriptDataSetHandle
07.06.2010 14:07:22 org.eclipse.birt.report.data.adapter.impl.ModelAdapter adaptDataSet
WARNING: handle type: org.eclipse.birt.report.model.api.ScriptDataSetHandle
07.06.2010 14:07:40 org.eclipse.birt.report.data.adapter.impl.ModelAdapter adaptDataSet
WARNING: handle type: org.eclipse.birt.report.model.api.ScriptDataSetHandle
07.06.2010 14:07:40 org.eclipse.birt.report.data.adapter.impl.ModelAdapter adaptDataSet
WARNING: handle type: org.eclipse.birt.report.model.api.ScriptDataSetHandle
07.06.2010 14:07:45 org.eclipse.birt.report.data.adapter.impl.ModelAdapter adaptDataSet
WARNING: handle type: org.eclipse.birt.report.model.api.ScriptDataSetHandle
07.06.2010 14:07:45 org.eclipse.birt.report.data.adapter.impl.ModelAdapter adaptDataSet
WARNING: handle type: org.eclipse.birt.report.model.api.ScriptDataSetHandle
07.06.2010 14:08:20 org.eclipse.birt.report.data.adapter.impl.ModelAdapter adaptDataSet
WARNING: handle type: org.eclipse.birt.report.model.api.ScriptDataSetHandle
07.06.2010 14:08:20 org.eclipse.birt.report.data.adapter.impl.ModelAdapter adaptDataSet
WARNING: handle type: org.eclipse.birt.report.model.api.ScriptDataSetHandle
07.06.2010 14:08:30 org.eclipse.birt.report.data.adapter.impl.ModelAdapter adaptDataSet
WARNING: handle type: org.eclipse.birt.report.model.api.ScriptDataSetHandle
07.06.2010 14:08:30 org.eclipse.birt.report.data.adapter.impl.ModelAdapter adaptDataSet
WARNING: handle type: org.eclipse.birt.report.model.api.ScriptDataSetHandle
07.06.2010 14:12:03 org.eclipse.birt.report.data.adapter.impl.ModelAdapter adaptDataSet
WARNING: handle type: org.eclipse.birt.report.model.api.ScriptDataSetHandle
07.06.2010 14:12:03 org.eclipse.birt.report.data.adapter.impl.ModelAdapter adaptDataSet
WARNING: handle type: org.eclipse.birt.report.model.api.ScriptDataSetHandle
07.06.2010 14:12:04 org.eclipse.birt.report.data.adapter.impl.ModelAdapter adaptDataSet
WARNING: handle type: org.eclipse.birt.report.model.api.ScriptDataSetHandle
07.06.2010 14:12:04 org.eclipse.birt.report.data.adapter.impl.ModelAdapter adaptDataSet
WARNING: handle type: org.eclipse.birt.report.model.api.ScriptDataSetHandle
07.06.2010 14:12:07 org.eclipse.birt.report.data.adapter.impl.ModelAdapter adaptDataSet
WARNING: handle type: org.eclipse.birt.report.model.api.ScriptDataSetHandle
07.06.2010 14:12:07 org.eclipse.birt.report.data.adapter.impl.ModelAdapter adaptDataSet
WARNING: handle type: org.eclipse.birt.report.model.api.ScriptDataSetHandle
07.06.2010 14:12:15 org.eclipse.birt.report.data.adapter.impl.ModelAdapter adaptDataSet
WARNING: handle type: org.eclipse.birt.report.model.api.ScriptDataSetHandle
07.06.2010 14:12:15 org.eclipse.birt.report.data.adapter.impl.ModelAdapter adaptDataSet
WARNING: handle type: org.eclipse.birt.report.model.api.ScriptDataSetHandle
07.06.2010 14:12:17 org.eclipse.birt.report.data.adapter.impl.ModelAdapter adaptDataSet
WARNING: handle type: org.eclipse.birt.report.model.api.ScriptDataSetHandle
07.06.2010 14:12:17 org.eclipse.birt.report.data.adapter.impl.ModelAdapter adaptDataSet
WARNING: handle type: org.eclipse.birt.report.model.api.ScriptDataSetHandle
07.06.2010 14:12:56 org.eclipse.birt.report.data.adapter.impl.ModelAdapter adaptDataSet
WARNING: handle type: org.eclipse.birt.report.model.api.ScriptDataSetHandle
07.06.2010 14:12:56 org.eclipse.birt.report.data.adapter.impl.ModelAdapter adaptDataSet
WARNING: handle type: org.eclipse.birt.report.model.api.ScriptDataSetHandle
07.06.2010 14:12:57 org.eclipse.birt.report.data.adapter.impl.ModelAdapter adaptDataSet
WARNING: handle type: org.eclipse.birt.report.model.api.ScriptDataSetHandle
07.06.2010 14:12:57 org.eclipse.birt.report.data.adapter.impl.ModelAdapter adaptDataSet
WARNING: handle type: org.eclipse.birt.report.model.api.ScriptDataSetHandle
07.06.2010 14:13:04 org.eclipse.birt.report.data.adapter.impl.ModelAdapter adaptDataSet
WARNING: handle type: org.eclipse.birt.report.model.api.ScriptDataSetHandle
07.06.2010 14:13:04 org.eclipse.birt.report.data.adapter.impl.ModelAdapter adaptDataSet
WARNING: handle type: org.eclipse.birt.report.model.api.ScriptDataSetHandle
07.06.2010 14:13:05 org.eclipse.birt.report.data.adapter.impl.ModelAdapter adaptDataSet
WARNING: handle type: org.eclipse.birt.report.model.api.ScriptDataSetHandle
07.06.2010 14:13:05 org.eclipse.birt.report.data.adapter.impl.ModelAdapter adaptDataSet
WARNING: handle type: org.eclipse.birt.report.model.api.ScriptDataSetHandle
07.06.2010 14:13:25 org.eclipse.birt.report.data.adapter.impl.ModelAdapter adaptDataSet
WARNING: handle type: org.eclipse.birt.report.model.api.ScriptDataSetHandle
07.06.2010 14:13:25 org.eclipse.birt.report.data.adapter.impl.ModelAdapter adaptDataSet
WARNING: handle type: org.eclipse.birt.report.model.api.ScriptDataSetHandle
07.06.2010 14:13:26 org.eclipse.birt.report.data.adapter.impl.ModelAdapter adaptDataSet
WARNING: handle type: org.eclipse.birt.report.model.api.ScriptDataSetHandle
07.06.2010 14:13:26 org.eclipse.birt.report.data.adapter.impl.ModelAdapter adaptDataSet
WARNING: handle type: org.eclipse.birt.report.model.api.ScriptDataSetHandle
07.06.2010 14:14:08 org.eclipse.birt.report.data.adapter.impl.ModelAdapter adaptDataSet
WARNING: handle type: org.eclipse.birt.report.model.api.ScriptDataSetHandle
07.06.2010 14:14:08 org.eclipse.birt.report.data.adapter.impl.ModelAdapter adaptDataSet
WARNING: handle type: org.eclipse.birt.report.model.api.ScriptDataSetHandle
07.06.2010 14:14:10 org.eclipse.birt.report.data.adapter.impl.ModelAdapter adaptDataSet
WARNING: handle type: org.eclipse.birt.report.model.api.ScriptDataSetHandle
07.06.2010 14:14:10 org.eclipse.birt.report.data.adapter.impl.ModelAdapter adaptDataSet
WARNING: handle type: org.eclipse.birt.report.model.api.ScriptDataSetHandle
07.06.2010 14:15:15 org.eclipse.birt.report.data.adapter.impl.ModelAdapter adaptDataSet
WARNING: handle type: org.eclipse.birt.report.model.api.ScriptDataSetHandle
07.06.2010 14:15:15 org.eclipse.birt.report.data.adapter.impl.ModelAdapter adaptDataSet
WARNING: handle type: org.eclipse.birt.report.model.api.ScriptDataSetHandle
07.06.2010 14:15:16 org.eclipse.birt.report.data.adapter.impl.ModelAdapter adaptDataSet
WARNING: handle type: org.eclipse.birt.report.model.api.ScriptDataSetHandle
07.06.2010 14:15:16 org.eclipse.birt.report.data.adapter.impl.ModelAdapter adaptDataSet
WARNING: handle type: org.eclipse.birt.report.model.api.ScriptDataSetHandle
07.06.2010 14:15:19 org.eclipse.birt.report.data.adapter.impl.ModelAdapter adaptDataSet
WARNING: handle type: org.eclipse.birt.report.model.api.ScriptDataSetHandle
07.06.2010 14:15:19 org.eclipse.birt.report.data.adapter.impl.ModelAdapter adaptDataSet
WARNING: handle type: org.eclipse.birt.report.model.api.ScriptDataSetHandle
07.06.2010 14:15:22 org.eclipse.birt.report.data.adapter.impl.ModelAdapter adaptDataSet
WARNING: handle type: org.eclipse.birt.report.model.api.ScriptDataSetHandle
07.06.2010 14:15:22 org.eclipse.birt.report.data.adapter.impl.ModelAdapter adaptDataSet
WARNING: handle type: org.eclipse.birt.report.model.api.ScriptDataSetHandle
07.06.2010 14:15:24 org.eclipse.birt.report.data.adapter.impl.ModelAdapter adaptDataSet
WARNING: handle type: org.eclipse.birt.report.model.api.ScriptDataSetHandle
07.06.2010 14:15:24 org.eclipse.birt.report.data.adapter.impl.ModelAdapter adaptDataSet
WARNING: handle type: org.eclipse.birt.report.model.api.ScriptDataSetHandle
07.06.2010 14:15:29 org.eclipse.birt.report.data.adapter.impl.ModelAdapter adaptDataSet
WARNING: handle type: org.eclipse.birt.report.model.api.ScriptDataSetHandle
07.06.2010 14:15:29 org.eclipse.birt.report.data.adapter.impl.ModelAdapter adaptDataSet
WARNING: handle type: org.eclipse.birt.report.model.api.ScriptDataSetHandle
07.06.2010 14:15:37 org.eclipse.birt.report.data.adapter.impl.ModelAdapter adaptDataSet
WARNING: handle type: org.eclipse.birt.report.model.api.ScriptDataSetHandle
07.06.2010 14:15:37 org.eclipse.birt.report.data.adapter.impl.ModelAdapter adaptDataSet
WARNING: handle type: org.eclipse.birt.report.model.api.ScriptDataSetHandle
07.06.2010 14:15:44 org.eclipse.birt.report.data.adapter.impl.ModelAdapter adaptDataSet
WARNING: handle type: org.eclipse.birt.report.model.api.ScriptDataSetHandle
07.06.2010 14:15:44 org.eclipse.birt.report.data.adapter.impl.ModelAdapter adaptDataSet
WARNING: handle type: org.eclipse.birt.report.model.api.ScriptDataSetHandle
07.06.2010 14:15:48 org.eclipse.birt.report.data.adapter.impl.ModelAdapter adaptDataSet
WARNING: handle type: org.eclipse.birt.report.model.api.ScriptDataSetHandle
07.06.2010 14:15:48 org.eclipse.birt.report.data.adapter.impl.ModelAdapter adaptDataSet
WARNING: handle type: org.eclipse.birt.report.model.api.ScriptDataSetHandle
07.06.2010 14:16:21 org.eclipse.birt.report.data.adapter.impl.ModelAdapter adaptDataSet
WARNING: handle type: org.eclipse.birt.report.model.api.ScriptDataSetHandle
07.06.2010 14:16:21 org.eclipse.birt.report.data.adapter.impl.ModelAdapter adaptDataSet
WARNING: handle type: org.eclipse.birt.report.model.api.ScriptDataSetHandle
07.06.2010 14:19:32 org.eclipse.birt.report.data.adapter.impl.ModelAdapter adaptDataSet
WARNING: handle type: org.eclipse.birt.report.model.api.ScriptDataSetHandle
07.06.2010 14:19:32 org.eclipse.birt.report.data.adapter.impl.ModelAdapter adaptDataSet
WARNING: handle type: org.eclipse.birt.report.model.api.ScriptDataSetHandle
07.06.2010 14:19:33 org.eclipse.birt.report.data.adapter.impl.ModelAdapter adaptDataSet
WARNING: handle type: org.eclipse.birt.report.model.api.ScriptDataSetHandle
07.06.2010 14:19:33 org.eclipse.birt.report.data.adapter.impl.ModelAdapter adaptDataSet
WARNING: handle type: org.eclipse.birt.report.model.api.ScriptDataSetHandle
07.06.2010 14:24:50 org.eclipse.birt.report.data.adapter.impl.ModelAdapter adaptDataSet
WARNING: handle type: org.eclipse.birt.report.model.api.ScriptDataSetHandle
07.06.2010 14:24:50 org.eclipse.birt.report.data.adapter.impl.ModelAdapter adaptDataSet
WARNING: handle type: org.eclipse.birt.report.model.api.ScriptDataSetHandle
07.06.2010 14:24:50 org.eclipse.birt.report.engine.script.internal.DtEScriptExecutor handleJS
WARNING: A BIRT exception occurred: Error evaluating Javascript expression. Script engine error: ReferenceError: "key" is not defined. (#2)
 Script source: , line: 0, text:
__bm_FETCH(). See next exception for more information.
Error evaluating Javascript expression. Script engine error: ReferenceError: "key" is not defined. (#2)
 Script source: , line: 0, text:
__bm_FETCH()
org.eclipse.birt.data.engine.core.DataException: A BIRT exception occurred: Error evaluating Javascript expression. Script engine error: ReferenceError: "key" is not defined. (#2)
 Script source: , line: 0, text:
__bm_FETCH(). See next exception for more information.
Error evaluating Javascript expression. Script engine error: ReferenceError: "key" is not defined. (#2)
 Script source: , line: 0, text:
__bm_FETCH()
	at org.eclipse.birt.data.engine.core.DataException.wrap(DataException.java:118)
	at org.eclipse.birt.data.engine.script.ScriptEvalUtil.evaluateJSAsExpr(ScriptEvalUtil.java:773)
	at org.eclipse.birt.data.engine.script.JSMethodRunner.runScript(JSMethodRunner.java:76)
	at org.eclipse.birt.report.engine.script.internal.DtEScriptExecutor.handleJS(DtEScriptExecutor.java:90)
	at org.eclipse.birt.report.engine.script.internal.DataSetScriptExecutor.handleJS(DataSetScriptExecutor.java:219)
	at org.eclipse.birt.report.engine.script.internal.ScriptDataSetScriptExecutor.handleFetch(ScriptDataSetScriptExecutor.java:130)
	at org.eclipse.birt.data.engine.impl.ScriptDataSetRuntime.fetch(ScriptDataSetRuntime.java:103)
	at org.eclipse.birt.data.engine.impl.PreparedScriptDSQuery$ScriptDSQueryExecutor$CustomDataSet.fetch(PreparedScriptDSQuery.java:257)
	at org.eclipse.birt.data.engine.executor.cache.OdiAdapter.fetch(OdiAdapter.java:165)
	at org.eclipse.birt.data.engine.executor.cache.RowResultSet.next(RowResultSet.java:105)
	at org.eclipse.birt.data.engine.executor.cache.ExpandableRowResultSet.next(ExpandableRowResultSet.java:63)
	at org.eclipse.birt.data.engine.executor.cache.SmartCacheHelper.populateData(SmartCacheHelper.java:311)
	at org.eclipse.birt.data.engine.executor.cache.SmartCacheHelper.initInstance(SmartCacheHelper.java:283)
	at org.eclipse.birt.data.engine.executor.cache.SmartCacheHelper.getResultSetCache(SmartCacheHelper.java:244)
	at org.eclipse.birt.data.engine.executor.cache.SmartCache.<init>(SmartCache.java:69)
	at org.eclipse.birt.data.engine.executor.transform.pass.PassUtil.populateOdiResultSet(PassUtil.java:110)
	at org.eclipse.birt.data.engine.executor.transform.pass.PassUtil.pass(PassUtil.java:62)
	at org.eclipse.birt.data.engine.executor.transform.pass.PassManager.populateResultSetCacheInResultSetPopulator(PassManager.java:340)
	at org.eclipse.birt.data.engine.executor.transform.pass.PassManager.doPopulation(PassManager.java:294)
	at org.eclipse.birt.data.engine.executor.transform.pass.PassManager.doMultiPass(PassManager.java:230)
	at org.eclipse.birt.data.engine.executor.transform.pass.PassManager.pass(PassManager.java:97)
	at org.eclipse.birt.data.engine.executor.transform.pass.PassManager.populateResultSet(PassManager.java:74)
	at org.eclipse.birt.data.engine.executor.transform.ResultSetPopulator.populateResultSet(ResultSetPopulator.java:196)
	at org.eclipse.birt.data.engine.executor.transform.CachedResultSet.<init>(CachedResultSet.java:176)
	at org.eclipse.birt.data.engine.executor.CandidateQuery.execute(CandidateQuery.java:106)
	at org.eclipse.birt.data.engine.impl.PreparedScriptDSQuery$ScriptDSQueryExecutor.executeOdiQuery(PreparedScriptDSQuery.java:223)
	at org.eclipse.birt.data.engine.impl.QueryExecutor.execute(QueryExecutor.java:1045)
	at org.eclipse.birt.data.engine.impl.ServiceForQueryResults.executeQuery(ServiceForQueryResults.java:232)
	at org.eclipse.birt.data.engine.impl.QueryResults.getResultIterator(QueryResults.java:158)
	at org.eclipse.birt.report.engine.data.dte.QueryResultSet.<init>(QueryResultSet.java:98)
	at org.eclipse.birt.report.engine.data.dte.DteDataEngine.doExecuteQuery(DteDataEngine.java:168)
	at org.eclipse.birt.report.engine.data.dte.DataGenerationEngine.doExecuteQuery(DataGenerationEngine.java:74)
	at org.eclipse.birt.report.engine.data.dte.AbstractDataEngine.execute(AbstractDataEngine.java:265)
	at org.eclipse.birt.report.engine.executor.ExecutionContext.executeQuery(ExecutionContext.java:1875)
	at org.eclipse.birt.report.engine.executor.QueryItemExecutor.executeQuery(QueryItemExecutor.java:80)
	at org.eclipse.birt.report.engine.executor.TableItemExecutor.execute(TableItemExecutor.java:62)
	at org.eclipse.birt.report.engine.internal.executor.wrap.WrappedReportItemExecutor.execute(WrappedReportItemExecutor.java:46)
	at org.eclipse.birt.report.engine.internal.executor.emitter.ReportItemEmitterExecutor.execute(ReportItemEmitterExecutor.java:46)
	at org.eclipse.birt.report.engine.internal.executor.dup.SuppressDuplicateItemExecutor.execute(SuppressDuplicateItemExecutor.java:43)
	at org.eclipse.birt.report.engine.internal.executor.wrap.WrappedReportItemExecutor.execute(WrappedReportItemExecutor.java:46)
	at org.eclipse.birt.report.engine.internal.executor.l18n.LocalizedReportItemExecutor.execute(LocalizedReportItemExecutor.java:34)
	at org.eclipse.birt.report.engine.layout.html.HTMLBlockStackingLM.layoutNodes(HTMLBlockStackingLM.java:65)
	at org.eclipse.birt.report.engine.layout.html.HTMLPageLM.layout(HTMLPageLM.java:90)
	at org.eclipse.birt.report.engine.layout.html.HTMLReportLayoutEngine.layout(HTMLReportLayoutEngine.java:99)
	at org.eclipse.birt.report.engine.presentation.ReportDocumentBuilder.build(ReportDocumentBuilder.java:249)
	at org.eclipse.birt.report.engine.api.impl.RunTask.doRun(RunTask.java:252)
	at org.eclipse.birt.report.engine.api.impl.RunTask.run(RunTask.java:85)
	at org.eclipse.birt.report.service.ReportEngineService.runReport(ReportEngineService.java:1307)
	at org.eclipse.birt.report.service.BirtViewerReportService.runReport(BirtViewerReportService.java:158)
	at org.eclipse.birt.report.service.actionhandler.BirtRunReportActionHandler.__execute(BirtRunReportActionHandler.java:81)
	at org.eclipse.birt.report.service.actionhandler.BirtGetPageActionHandler.__checkDocumentExists(BirtGetPageActionHandler.java:58)
	at org.eclipse.birt.report.service.actionhandler.AbstractGetPageActionHandler.prepareParameters(AbstractGetPageActionHandler.java:119)
	at org.eclipse.birt.report.service.actionhandler.AbstractGetPageActionHandler.__execute(AbstractGetPageActionHandler.java:104)
	at org.eclipse.birt.report.service.actionhandler.AbstractBaseActionHandler.execute(AbstractBaseActionHandler.java:90)
	at org.eclipse.birt.report.soapengine.processor.AbstractBaseDocumentProcessor.__executeAction(AbstractBaseDocumentProcessor.java:47)
	at org.eclipse.birt.report.soapengine.processor.AbstractBaseComponentProcessor.executeAction(AbstractBaseComponentProcessor.java:143)
	at org.eclipse.birt.report.soapengine.processor.BirtDocumentProcessor.handleGetPage(BirtDocumentProcessor.java:87)
	at sun.reflect.GeneratedMethodAccessor171.invoke(Unknown Source)
	at sun.reflect.DelegatingMethodAccessorImpl.invoke(DelegatingMethodAccessorImpl.java:25)
	at java.lang.reflect.Method.invoke(Method.java:597)
	at org.eclipse.birt.report.soapengine.processor.AbstractBaseComponentProcessor.process(AbstractBaseComponentProcessor.java:112)
	at org.eclipse.birt.report.soapengine.endpoint.BirtSoapBindingImpl.getUpdatedObjects(BirtSoapBindingImpl.java:66)
	at sun.reflect.GeneratedMethodAccessor170.invoke(Unknown Source)
	at sun.reflect.DelegatingMethodAccessorImpl.invoke(DelegatingMethodAccessorImpl.java:25)
	at java.lang.reflect.Method.invoke(Method.java:597)
	at org.apache.axis.providers.java.RPCProvider.invokeMethod(RPCProvider.java:397)
	at org.apache.axis.providers.java.RPCProvider.processMessage(RPCProvider.java:186)
	at org.apache.axis.providers.java.JavaProvider.invoke(JavaProvider.java:323)
	at org.apache.axis.strategies.InvocationStrategy.visit(InvocationStrategy.java:32)
	at org.apache.axis.SimpleChain.doVisiting(SimpleChain.java:118)
	at org.apache.axis.SimpleChain.invoke(SimpleChain.java:83)
	at org.apache.axis.handlers.soap.SOAPService.invoke(SOAPService.java:454)
	at org.apache.axis.server.AxisServer.invoke(AxisServer.java:281)
	at org.apache.axis.transport.http.AxisServlet.doPost(AxisServlet.java:699)
	at org.eclipse.birt.report.servlet.BirtSoapMessageDispatcherServlet.doPost(BirtSoapMessageDispatcherServlet.java:265)
	at javax.servlet.http.HttpServlet.service(HttpServlet.java:727)
	at org.apache.axis.transport.http.AxisServletBase.service(AxisServletBase.java:327)
	at javax.servlet.http.HttpServlet.service(HttpServlet.java:820)
	at org.eclipse.birt.report.servlet.BirtSoapMessageDispatcherServlet.service(BirtSoapMessageDispatcherServlet.java:122)
	at org.mortbay.jetty.servlet.ServletHolder.handle(ServletHolder.java:502)
	at org.mortbay.jetty.servlet.ServletHandler$CachedChain.doFilter(ServletHandler.java:1157)
	at org.eclipse.birt.report.filter.ViewerFilter.doFilter(ViewerFilter.java:68)
	at org.mortbay.jetty.servlet.ServletHandler$CachedChain.doFilter(ServletHandler.java:1148)
	at org.apache.tapestry5.TapestryFilter.doFilter(TapestryFilter.java:129)
	at org.mortbay.jetty.servlet.ServletHandler$CachedChain.doFilter(ServletHandler.java:1148)
	at org.mortbay.jetty.servlet.ServletHandler.handle(ServletHandler.java:387)
	at org.mortbay.jetty.security.SecurityHandler.handle(SecurityHandler.java:216)
	at org.mortbay.jetty.servlet.SessionHandler.handle(SessionHandler.java:181)
	at org.mortbay.jetty.handler.ContextHandler.handle(ContextHandler.java:765)
	at org.mortbay.jetty.webapp.WebAppContext.handle(WebAppContext.java:417)
	at org.mortbay.jetty.handler.ContextHandlerCollection.handle(ContextHandlerCollection.java:230)
	at org.mortbay.jetty.handler.HandlerCollection.handle(HandlerCollection.java:114)
	at org.mortbay.jetty.handler.HandlerWrapper.handle(HandlerWrapper.java:152)
	at org.mortbay.jetty.Server.handle(Server.java:326)
	at org.mortbay.jetty.HttpConnection.handleRequest(HttpConnection.java:534)
	at org.mortbay.jetty.HttpConnection$RequestHandler.content(HttpConnection.java:879)
	at org.mortbay.jetty.HttpParser.parseNext(HttpParser.java:747)
	at org.mortbay.jetty.HttpParser.parseAvailable(HttpParser.java:218)
	at org.mortbay.jetty.HttpConnection.handle(HttpConnection.java:404)
	at org.mortbay.io.nio.SelectChannelEndPoint.run(SelectChannelEndPoint.java:409)
	at org.mortbay.thread.QueuedThreadPool$PoolThread.run(QueuedThreadPool.java:520)
Caused by: org.eclipse.birt.core.exception.CoreException: Error evaluating Javascript expression. Script engine error: ReferenceError: "key" is not defined. (#2)
 Script source: , line: 0, text:
__bm_FETCH()
	at org.eclipse.birt.core.script.JavascriptEvalUtil.wrapRhinoException(JavascriptEvalUtil.java:299)
	at org.eclipse.birt.core.script.JavascriptEvalUtil.evaluateRawScript(JavascriptEvalUtil.java:102)
	at org.eclipse.birt.core.script.JavascriptEvalUtil.evaluateScript(JavascriptEvalUtil.java:134)
	at org.eclipse.birt.data.engine.script.ScriptEvalUtil.evaluateJSAsExpr(ScriptEvalUtil.java:769)
	... 99 more
Caused by: org.mozilla.javascript.EcmaError: ReferenceError: "key" is not defined. (#2)
	at org.mozilla.javascript.ScriptRuntime.constructError(ScriptRuntime.java:3557)
	at org.mozilla.javascript.ScriptRuntime.constructError(ScriptRuntime.java:3535)
	at org.mozilla.javascript.ScriptRuntime.notFoundError(ScriptRuntime.java:3620)
	at org.mozilla.javascript.ScriptRuntime.nameOrFunction(ScriptRuntime.java:1718)
	at org.mozilla.javascript.ScriptRuntime.name(ScriptRuntime.java:1657)
	at org.mozilla.javascript.gen.c97._c1(:2)
	at org.mozilla.javascript.gen.c97.call()
	at org.mozilla.javascript.optimizer.OptRuntime.callName0(OptRuntime.java:108)
	at org.mozilla.javascript.gen.c10._c0(:0)
	at org.mozilla.javascript.gen.c10.call()
	at org.mozilla.javascript.ContextFactory.doTopCall(ContextFactory.java:401)
	at org.mozilla.javascript.ScriptRuntime.doTopCall(ScriptRuntime.java:3003)
	at org.mozilla.javascript.gen.c10.call()
	at org.mozilla.javascript.gen.c10.exec()
	at org.eclipse.birt.core.script.JavascriptEvalUtil.evaluateRawScript(JavascriptEvalUtil.java:95)
	... 101 more
07.06.2010 14:24:50 org.eclipse.birt.report.engine.script.internal.ScriptExecutor addException
WARNING: data.engine.BadFetchScriptReturnType
org.eclipse.birt.report.engine.api.EngineException: data.engine.BadFetchScriptReturnType
	at org.eclipse.birt.report.engine.script.internal.ScriptExecutor.addException(ScriptExecutor.java:158)
	at org.eclipse.birt.report.engine.script.internal.ScriptExecutor.addException(ScriptExecutor.java:147)
	at org.eclipse.birt.report.engine.script.internal.ScriptDataSetScriptExecutor.handleFetch(ScriptDataSetScriptExecutor.java:150)
	at org.eclipse.birt.data.engine.impl.ScriptDataSetRuntime.fetch(ScriptDataSetRuntime.java:103)
	at org.eclipse.birt.data.engine.impl.PreparedScriptDSQuery$ScriptDSQueryExecutor$CustomDataSet.fetch(PreparedScriptDSQuery.java:257)
	at org.eclipse.birt.data.engine.executor.cache.OdiAdapter.fetch(OdiAdapter.java:165)
	at org.eclipse.birt.data.engine.executor.cache.RowResultSet.next(RowResultSet.java:105)
	at org.eclipse.birt.data.engine.executor.cache.ExpandableRowResultSet.next(ExpandableRowResultSet.java:63)
	at org.eclipse.birt.data.engine.executor.cache.SmartCacheHelper.populateData(SmartCacheHelper.java:311)
	at org.eclipse.birt.data.engine.executor.cache.SmartCacheHelper.initInstance(SmartCacheHelper.java:283)
	at org.eclipse.birt.data.engine.executor.cache.SmartCacheHelper.getResultSetCache(SmartCacheHelper.java:244)
	at org.eclipse.birt.data.engine.executor.cache.SmartCache.<init>(SmartCache.java:69)
	at org.eclipse.birt.data.engine.executor.transform.pass.PassUtil.populateOdiResultSet(PassUtil.java:110)
	at org.eclipse.birt.data.engine.executor.transform.pass.PassUtil.pass(PassUtil.java:62)
	at org.eclipse.birt.data.engine.executor.transform.pass.PassManager.populateResultSetCacheInResultSetPopulator(PassManager.java:340)
	at org.eclipse.birt.data.engine.executor.transform.pass.PassManager.doPopulation(PassManager.java:294)
	at org.eclipse.birt.data.engine.executor.transform.pass.PassManager.doMultiPass(PassManager.java:230)
	at org.eclipse.birt.data.engine.executor.transform.pass.PassManager.pass(PassManager.java:97)
	at org.eclipse.birt.data.engine.executor.transform.pass.PassManager.populateResultSet(PassManager.java:74)
	at org.eclipse.birt.data.engine.executor.transform.ResultSetPopulator.populateResultSet(ResultSetPopulator.java:196)
	at org.eclipse.birt.data.engine.executor.transform.CachedResultSet.<init>(CachedResultSet.java:176)
	at org.eclipse.birt.data.engine.executor.CandidateQuery.execute(CandidateQuery.java:106)
	at org.eclipse.birt.data.engine.impl.PreparedScriptDSQuery$ScriptDSQueryExecutor.executeOdiQuery(PreparedScriptDSQuery.java:223)
	at org.eclipse.birt.data.engine.impl.QueryExecutor.execute(QueryExecutor.java:1045)
	at org.eclipse.birt.data.engine.impl.ServiceForQueryResults.executeQuery(ServiceForQueryResults.java:232)
	at org.eclipse.birt.data.engine.impl.QueryResults.getResultIterator(QueryResults.java:158)
	at org.eclipse.birt.report.engine.data.dte.QueryResultSet.<init>(QueryResultSet.java:98)
	at org.eclipse.birt.report.engine.data.dte.DteDataEngine.doExecuteQuery(DteDataEngine.java:168)
	at org.eclipse.birt.report.engine.data.dte.DataGenerationEngine.doExecuteQuery(DataGenerationEngine.java:74)
	at org.eclipse.birt.report.engine.data.dte.AbstractDataEngine.execute(AbstractDataEngine.java:265)
	at org.eclipse.birt.report.engine.executor.ExecutionContext.executeQuery(ExecutionContext.java:1875)
	at org.eclipse.birt.report.engine.executor.QueryItemExecutor.executeQuery(QueryItemExecutor.java:80)
	at org.eclipse.birt.report.engine.executor.TableItemExecutor.execute(TableItemExecutor.java:62)
	at org.eclipse.birt.report.engine.internal.executor.wrap.WrappedReportItemExecutor.execute(WrappedReportItemExecutor.java:46)
	at org.eclipse.birt.report.engine.internal.executor.emitter.ReportItemEmitterExecutor.execute(ReportItemEmitterExecutor.java:46)
	at org.eclipse.birt.report.engine.internal.executor.dup.SuppressDuplicateItemExecutor.execute(SuppressDuplicateItemExecutor.java:43)
	at org.eclipse.birt.report.engine.internal.executor.wrap.WrappedReportItemExecutor.execute(WrappedReportItemExecutor.java:46)
	at org.eclipse.birt.report.engine.internal.executor.l18n.LocalizedReportItemExecutor.execute(LocalizedReportItemExecutor.java:34)
	at org.eclipse.birt.report.engine.layout.html.HTMLBlockStackingLM.layoutNodes(HTMLBlockStackingLM.java:65)
	at org.eclipse.birt.report.engine.layout.html.HTMLPageLM.layout(HTMLPageLM.java:90)
	at org.eclipse.birt.report.engine.layout.html.HTMLReportLayoutEngine.layout(HTMLReportLayoutEngine.java:99)
	at org.eclipse.birt.report.engine.presentation.ReportDocumentBuilder.build(ReportDocumentBuilder.java:249)
	at org.eclipse.birt.report.engine.api.impl.RunTask.doRun(RunTask.java:252)
	at org.eclipse.birt.report.engine.api.impl.RunTask.run(RunTask.java:85)
	at org.eclipse.birt.report.service.ReportEngineService.runReport(ReportEngineService.java:1307)
	at org.eclipse.birt.report.service.BirtViewerReportService.runReport(BirtViewerReportService.java:158)
	at org.eclipse.birt.report.service.actionhandler.BirtRunReportActionHandler.__execute(BirtRunReportActionHandler.java:81)
	at org.eclipse.birt.report.service.actionhandler.BirtGetPageActionHandler.__checkDocumentExists(BirtGetPageActionHandler.java:58)
	at org.eclipse.birt.report.service.actionhandler.AbstractGetPageActionHandler.prepareParameters(AbstractGetPageActionHandler.java:119)
	at org.eclipse.birt.report.service.actionhandler.AbstractGetPageActionHandler.__execute(AbstractGetPageActionHandler.java:104)
	at org.eclipse.birt.report.service.actionhandler.AbstractBaseActionHandler.execute(AbstractBaseActionHandler.java:90)
	at org.eclipse.birt.report.soapengine.processor.AbstractBaseDocumentProcessor.__executeAction(AbstractBaseDocumentProcessor.java:47)
	at org.eclipse.birt.report.soapengine.processor.AbstractBaseComponentProcessor.executeAction(AbstractBaseComponentProcessor.java:143)
	at org.eclipse.birt.report.soapengine.processor.BirtDocumentProcessor.handleGetPage(BirtDocumentProcessor.java:87)
	at sun.reflect.GeneratedMethodAccessor171.invoke(Unknown Source)
	at sun.reflect.DelegatingMethodAccessorImpl.invoke(DelegatingMethodAccessorImpl.java:25)
	at java.lang.reflect.Method.invoke(Method.java:597)
	at org.eclipse.birt.report.soapengine.processor.AbstractBaseComponentProcessor.process(AbstractBaseComponentProcessor.java:112)
	at org.eclipse.birt.report.soapengine.endpoint.BirtSoapBindingImpl.getUpdatedObjects(BirtSoapBindingImpl.java:66)
	at sun.reflect.GeneratedMethodAccessor170.invoke(Unknown Source)
	at sun.reflect.DelegatingMethodAccessorImpl.invoke(DelegatingMethodAccessorImpl.java:25)
	at java.lang.reflect.Method.invoke(Method.java:597)
	at org.apache.axis.providers.java.RPCProvider.invokeMethod(RPCProvider.java:397)
	at org.apache.axis.providers.java.RPCProvider.processMessage(RPCProvider.java:186)
	at org.apache.axis.providers.java.JavaProvider.invoke(JavaProvider.java:323)
	at org.apache.axis.strategies.InvocationStrategy.visit(InvocationStrategy.java:32)
	at org.apache.axis.SimpleChain.doVisiting(SimpleChain.java:118)
	at org.apache.axis.SimpleChain.invoke(SimpleChain.java:83)
	at org.apache.axis.handlers.soap.SOAPService.invoke(SOAPService.java:454)
	at org.apache.axis.server.AxisServer.invoke(AxisServer.java:281)
	at org.apache.axis.transport.http.AxisServlet.doPost(AxisServlet.java:699)
	at org.eclipse.birt.report.servlet.BirtSoapMessageDispatcherServlet.doPost(BirtSoapMessageDispatcherServlet.java:265)
	at javax.servlet.http.HttpServlet.service(HttpServlet.java:727)
	at org.apache.axis.transport.http.AxisServletBase.service(AxisServletBase.java:327)
	at javax.servlet.http.HttpServlet.service(HttpServlet.java:820)
	at org.eclipse.birt.report.servlet.BirtSoapMessageDispatcherServlet.service(BirtSoapMessageDispatcherServlet.java:122)
	at org.mortbay.jetty.servlet.ServletHolder.handle(ServletHolder.java:502)
	at org.mortbay.jetty.servlet.ServletHandler$CachedChain.doFilter(ServletHandler.java:1157)
	at org.eclipse.birt.report.filter.ViewerFilter.doFilter(ViewerFilter.java:68)
	at org.mortbay.jetty.servlet.ServletHandler$CachedChain.doFilter(ServletHandler.java:1148)
	at org.apache.tapestry5.TapestryFilter.doFilter(TapestryFilter.java:129)
	at org.mortbay.jetty.servlet.ServletHandler$CachedChain.doFilter(ServletHandler.java:1148)
	at org.mortbay.jetty.servlet.ServletHandler.handle(ServletHandler.java:387)
	at org.mortbay.jetty.security.SecurityHandler.handle(SecurityHandler.java:216)
	at org.mortbay.jetty.servlet.SessionHandler.handle(SessionHandler.java:181)
	at org.mortbay.jetty.handler.ContextHandler.handle(ContextHandler.java:765)
	at org.mortbay.jetty.webapp.WebAppContext.handle(WebAppContext.java:417)
	at org.mortbay.jetty.handler.ContextHandlerCollection.handle(ContextHandlerCollection.java:230)
	at org.mortbay.jetty.handler.HandlerCollection.handle(HandlerCollection.java:114)
	at org.mortbay.jetty.handler.HandlerWrapper.handle(HandlerWrapper.java:152)
	at org.mortbay.jetty.Server.handle(Server.java:326)
	at org.mortbay.jetty.HttpConnection.handleRequest(HttpConnection.java:534)
	at org.mortbay.jetty.HttpConnection$RequestHandler.content(HttpConnection.java:879)
	at org.mortbay.jetty.HttpParser.parseNext(HttpParser.java:747)
	at org.mortbay.jetty.HttpParser.parseAvailable(HttpParser.java:218)
	at org.mortbay.jetty.HttpConnection.handle(HttpConnection.java:404)
	at org.mortbay.io.nio.SelectChannelEndPoint.run(SelectChannelEndPoint.java:409)
	at org.mortbay.thread.QueuedThreadPool$PoolThread.run(QueuedThreadPool.java:520)
Caused by: org.eclipse.birt.data.engine.core.DataException: data.engine.BadFetchScriptReturnType
	at org.eclipse.birt.report.engine.script.internal.ScriptDataSetScriptExecutor.handleFetch(ScriptDataSetScriptExecutor.java:140)
	... 95 more
07.06.2010 14:25:47 org.eclipse.birt.report.data.adapter.impl.ModelAdapter adaptDataSet
WARNING: handle type: org.eclipse.birt.report.model.api.ScriptDataSetHandle
07.06.2010 14:25:47 org.eclipse.birt.report.data.adapter.impl.ModelAdapter adaptDataSet
WARNING: handle type: org.eclipse.birt.report.model.api.ScriptDataSetHandle
07.06.2010 14:25:48 org.eclipse.birt.report.data.adapter.impl.ModelAdapter adaptDataSet
WARNING: handle type: org.eclipse.birt.report.model.api.ScriptDataSetHandle
07.06.2010 14:25:48 org.eclipse.birt.report.data.adapter.impl.ModelAdapter adaptDataSet
WARNING: handle type: org.eclipse.birt.report.model.api.ScriptDataSetHandle
07.06.2010 14:26:31 org.eclipse.birt.report.data.adapter.impl.ModelAdapter adaptDataSet
WARNING: handle type: org.eclipse.birt.report.model.api.ScriptDataSetHandle
07.06.2010 14:26:31 org.eclipse.birt.report.data.adapter.impl.ModelAdapter adaptDataSet
WARNING: handle type: org.eclipse.birt.report.model.api.ScriptDataSetHandle
07.06.2010 14:26:32 org.eclipse.birt.report.data.adapter.impl.ModelAdapter adaptDataSet
WARNING: handle type: org.eclipse.birt.report.model.api.ScriptDataSetHandle
07.06.2010 14:26:32 org.eclipse.birt.report.data.adapter.impl.ModelAdapter adaptDataSet
WARNING: handle type: org.eclipse.birt.report.model.api.ScriptDataSetHandle
07.06.2010 14:26:34 org.eclipse.birt.report.data.adapter.impl.ModelAdapter adaptDataSet
WARNING: handle type: org.eclipse.birt.report.model.api.ScriptDataSetHandle
07.06.2010 14:26:34 org.eclipse.birt.report.data.adapter.impl.ModelAdapter adaptDataSet
WARNING: handle type: org.eclipse.birt.report.model.api.ScriptDataSetHandle
07.06.2010 14:26:40 org.eclipse.birt.report.data.adapter.impl.ModelAdapter adaptDataSet
WARNING: handle type: org.eclipse.birt.report.model.api.ScriptDataSetHandle
07.06.2010 14:26:40 org.eclipse.birt.report.data.adapter.impl.ModelAdapter adaptDataSet
WARNING: handle type: org.eclipse.birt.report.model.api.ScriptDataSetHandle
