04.06.2010 15:53:03 org.eclipse.birt.report.data.adapter.impl.ModelAdapter adaptDataSet
WARNING: handle type: org.eclipse.birt.report.model.api.ScriptDataSetHandle
04.06.2010 15:53:03 org.eclipse.birt.report.data.adapter.impl.ModelAdapter adaptDataSet
WARNING: handle type: org.eclipse.birt.report.model.api.ScriptDataSetHandle
04.06.2010 15:53:12 org.eclipse.birt.report.data.adapter.impl.ModelAdapter adaptDataSet
WARNING: handle type: org.eclipse.birt.report.model.api.ScriptDataSetHandle
04.06.2010 15:53:12 org.eclipse.birt.report.data.adapter.impl.ModelAdapter adaptDataSet
WARNING: handle type: org.eclipse.birt.report.model.api.ScriptDataSetHandle
04.06.2010 15:53:18 org.eclipse.birt.report.engine.executor.ExecutionContext loadScript
SEVERE: loading external script file cpu/cpu/src/main/resources/debugWindow.js failed.
04.06.2010 15:53:18 org.eclipse.birt.report.data.adapter.impl.ModelAdapter adaptDataSet
WARNING: handle type: org.eclipse.birt.report.model.api.OdaDataSetHandle
04.06.2010 15:53:18 org.eclipse.birt.report.data.adapter.impl.ModelAdapter adaptDataSet
WARNING: handle type: org.eclipse.birt.report.model.api.OdaDataSetHandle
04.06.2010 15:53:18 org.eclipse.birt.report.data.adapter.impl.ModelAdapter adaptDataSet
WARNING: handle type: org.eclipse.birt.report.model.api.OdaDataSetHandle
04.06.2010 15:53:18 org.eclipse.birt.report.data.oda.jdbc.JDBCDriverManager loadExtraDriver
SEVERE: DriverClassLoader failed to load class: org.postgresql.Driver
java.lang.ClassNotFoundException: org.postgresql.Driver
	at org.eclipse.birt.core.framework.URLClassLoader.findClass1(URLClassLoader.java:185)
	at org.eclipse.birt.core.framework.URLClassLoader$1.run(URLClassLoader.java:154)
	at org.eclipse.birt.core.framework.URLClassLoader$1.run(URLClassLoader.java:1)
	at java.security.AccessController.doPrivileged(Native Method)
	at org.eclipse.birt.core.framework.URLClassLoader.findClass(URLClassLoader.java:149)
	at java.lang.ClassLoader.loadClass(ClassLoader.java:307)
	at java.lang.ClassLoader.loadClass(ClassLoader.java:248)
	at org.eclipse.birt.report.data.oda.jdbc.JDBCDriverManager.loadExtraDriver(JDBCDriverManager.java:919)
	at org.eclipse.birt.report.data.oda.jdbc.JDBCDriverManager.findDriver(JDBCDriverManager.java:738)
	at org.eclipse.birt.report.data.oda.jdbc.JDBCDriverManager.registerDriver(JDBCDriverManager.java:879)
	at org.eclipse.birt.report.data.oda.jdbc.JDBCDriverManager.loadAndRegisterDriver(JDBCDriverManager.java:862)
	at org.eclipse.birt.report.data.oda.jdbc.JDBCDriverManager.doConnect(JDBCDriverManager.java:246)
	at org.eclipse.birt.report.data.oda.jdbc.JDBCDriverManager.getConnection(JDBCDriverManager.java:212)
	at org.eclipse.birt.report.data.oda.jdbc.Connection.connectByUrl(Connection.java:234)
	at org.eclipse.birt.report.data.oda.jdbc.Connection.open(Connection.java:160)
	at org.eclipse.datatools.connectivity.oda.consumer.helper.OdaConnection.open(OdaConnection.java:239)
	at org.eclipse.birt.data.engine.odaconsumer.ConnectionManager.openConnection(ConnectionManager.java:165)
	at org.eclipse.birt.data.engine.executor.DataSource.newConnection(DataSource.java:190)
	at org.eclipse.birt.data.engine.executor.DataSource.open(DataSource.java:178)
	at org.eclipse.birt.data.engine.impl.DataSourceRuntime.openOdiDataSource(DataSourceRuntime.java:208)
	at org.eclipse.birt.data.engine.impl.QueryExecutor.openDataSource(QueryExecutor.java:405)
	at org.eclipse.birt.data.engine.impl.QueryExecutor.prepareExecution(QueryExecutor.java:315)
	at org.eclipse.birt.data.engine.impl.PreparedQuery.doPrepare(PreparedQuery.java:448)
	at org.eclipse.birt.data.engine.impl.PreparedDataSourceQuery.produceQueryResults(PreparedDataSourceQuery.java:190)
	at org.eclipse.birt.data.engine.impl.PreparedDataSourceQuery.execute(PreparedDataSourceQuery.java:178)
	at org.eclipse.birt.data.engine.impl.PreparedOdaDSQuery.execute(PreparedOdaDSQuery.java:145)
	at org.eclipse.birt.report.data.adapter.impl.DataRequestSessionImpl.execute(DataRequestSessionImpl.java:560)
	at org.eclipse.birt.report.engine.data.dte.DteDataEngine.doExecuteQuery(DteDataEngine.java:152)
	at org.eclipse.birt.report.engine.data.dte.DataGenerationEngine.doExecuteQuery(DataGenerationEngine.java:74)
	at org.eclipse.birt.report.engine.data.dte.AbstractDataEngine.execute(AbstractDataEngine.java:265)
	at org.eclipse.birt.report.engine.executor.ExecutionContext.executeQuery(ExecutionContext.java:1875)
	at org.eclipse.birt.report.engine.executor.QueryItemExecutor.executeQuery(QueryItemExecutor.java:80)
	at org.eclipse.birt.report.engine.executor.ListItemExecutor.execute(ListItemExecutor.java:66)
	at org.eclipse.birt.report.engine.internal.executor.wrap.WrappedReportItemExecutor.execute(WrappedReportItemExecutor.java:46)
	at org.eclipse.birt.report.engine.internal.executor.emitter.ReportItemEmitterExecutor.execute(ReportItemEmitterExecutor.java:46)
	at org.eclipse.birt.report.engine.internal.executor.dup.SuppressDuplicateItemExecutor.execute(SuppressDuplicateItemExecutor.java:43)
	at org.eclipse.birt.report.engine.internal.executor.wrap.WrappedReportItemExecutor.execute(WrappedReportItemExecutor.java:46)
	at org.eclipse.birt.report.engine.internal.executor.l18n.LocalizedReportItemExecutor.execute(LocalizedReportItemExecutor.java:34)
	at org.eclipse.birt.report.engine.layout.html.HTMLBlockStackingLM.layoutNodes(HTMLBlockStackingLM.java:65)
	at org.eclipse.birt.report.engine.layout.html.HTMLPageLM.layout(HTMLPageLM.java:90)
	at org.eclipse.birt.report.engine.layout.html.HTMLReportLayoutEngine.layout(HTMLReportLayoutEngine.java:99)
	at org.eclipse.birt.report.engine.presentation.ReportDocumentBuilder.build(ReportDocumentBuilder.java:249)
	at org.eclipse.birt.report.engine.api.impl.RunTask.doRun(RunTask.java:252)
	at org.eclipse.birt.report.engine.api.impl.RunTask.run(RunTask.java:85)
	at org.eclipse.birt.report.service.ReportEngineService.runReport(ReportEngineService.java:1307)
	at org.eclipse.birt.report.service.BirtViewerReportService.runReport(BirtViewerReportService.java:158)
	at org.eclipse.birt.report.service.actionhandler.BirtRunReportActionHandler.__execute(BirtRunReportActionHandler.java:81)
	at org.eclipse.birt.report.service.actionhandler.BirtGetPageActionHandler.__checkDocumentExists(BirtGetPageActionHandler.java:58)
	at org.eclipse.birt.report.service.actionhandler.AbstractGetPageActionHandler.prepareParameters(AbstractGetPageActionHandler.java:119)
	at org.eclipse.birt.report.service.actionhandler.AbstractGetPageActionHandler.__execute(AbstractGetPageActionHandler.java:104)
	at org.eclipse.birt.report.service.actionhandler.AbstractBaseActionHandler.execute(AbstractBaseActionHandler.java:90)
	at org.eclipse.birt.report.soapengine.processor.AbstractBaseDocumentProcessor.__executeAction(AbstractBaseDocumentProcessor.java:47)
	at org.eclipse.birt.report.soapengine.processor.AbstractBaseComponentProcessor.executeAction(AbstractBaseComponentProcessor.java:143)
	at org.eclipse.birt.report.soapengine.processor.BirtDocumentProcessor.handleGetPage(BirtDocumentProcessor.java:87)
	at sun.reflect.NativeMethodAccessorImpl.invoke0(Native Method)
	at sun.reflect.NativeMethodAccessorImpl.invoke(NativeMethodAccessorImpl.java:39)
	at sun.reflect.DelegatingMethodAccessorImpl.invoke(DelegatingMethodAccessorImpl.java:25)
	at java.lang.reflect.Method.invoke(Method.java:597)
	at org.eclipse.birt.report.soapengine.processor.AbstractBaseComponentProcessor.process(AbstractBaseComponentProcessor.java:112)
	at org.eclipse.birt.report.soapengine.endpoint.BirtSoapBindingImpl.getUpdatedObjects(BirtSoapBindingImpl.java:66)
	at sun.reflect.NativeMethodAccessorImpl.invoke0(Native Method)
	at sun.reflect.NativeMethodAccessorImpl.invoke(NativeMethodAccessorImpl.java:39)
	at sun.reflect.DelegatingMethodAccessorImpl.invoke(DelegatingMethodAccessorImpl.java:25)
	at java.lang.reflect.Method.invoke(Method.java:597)
	at org.apache.axis.providers.java.RPCProvider.invokeMethod(RPCProvider.java:397)
	at org.apache.axis.providers.java.RPCProvider.processMessage(RPCProvider.java:186)
	at org.apache.axis.providers.java.JavaProvider.invoke(JavaProvider.java:323)
	at org.apache.axis.strategies.InvocationStrategy.visit(InvocationStrategy.java:32)
	at org.apache.axis.SimpleChain.doVisiting(SimpleChain.java:118)
	at org.apache.axis.SimpleChain.invoke(SimpleChain.java:83)
	at org.apache.axis.handlers.soap.SOAPService.invoke(SOAPService.java:454)
	at org.apache.axis.server.AxisServer.invoke(AxisServer.java:281)
	at org.apache.axis.transport.http.AxisServlet.doPost(AxisServlet.java:699)
	at org.eclipse.birt.report.servlet.BirtSoapMessageDispatcherServlet.doPost(BirtSoapMessageDispatcherServlet.java:265)
	at javax.servlet.http.HttpServlet.service(HttpServlet.java:727)
	at org.apache.axis.transport.http.AxisServletBase.service(AxisServletBase.java:327)
	at javax.servlet.http.HttpServlet.service(HttpServlet.java:820)
	at org.eclipse.birt.report.servlet.BirtSoapMessageDispatcherServlet.service(BirtSoapMessageDispatcherServlet.java:122)
	at org.mortbay.jetty.servlet.ServletHolder.handle(ServletHolder.java:502)
	at org.mortbay.jetty.servlet.ServletHandler$CachedChain.doFilter(ServletHandler.java:1157)
	at org.eclipse.birt.report.filter.ViewerFilter.doFilter(ViewerFilter.java:68)
	at org.mortbay.jetty.servlet.ServletHandler$CachedChain.doFilter(ServletHandler.java:1148)
	at org.apache.tapestry5.TapestryFilter.doFilter(TapestryFilter.java:129)
	at org.mortbay.jetty.servlet.ServletHandler$CachedChain.doFilter(ServletHandler.java:1148)
	at org.mortbay.jetty.servlet.ServletHandler.handle(ServletHandler.java:387)
	at org.mortbay.jetty.security.SecurityHandler.handle(SecurityHandler.java:216)
	at org.mortbay.jetty.servlet.SessionHandler.handle(SessionHandler.java:181)
	at org.mortbay.jetty.handler.ContextHandler.handle(ContextHandler.java:765)
	at org.mortbay.jetty.webapp.WebAppContext.handle(WebAppContext.java:417)
	at org.mortbay.jetty.handler.ContextHandlerCollection.handle(ContextHandlerCollection.java:230)
	at org.mortbay.jetty.handler.HandlerCollection.handle(HandlerCollection.java:114)
	at org.mortbay.jetty.handler.HandlerWrapper.handle(HandlerWrapper.java:152)
	at org.mortbay.jetty.Server.handle(Server.java:326)
	at org.mortbay.jetty.HttpConnection.handleRequest(HttpConnection.java:534)
	at org.mortbay.jetty.HttpConnection$RequestHandler.content(HttpConnection.java:879)
	at org.mortbay.jetty.HttpParser.parseNext(HttpParser.java:747)
	at org.mortbay.jetty.HttpParser.parseAvailable(HttpParser.java:218)
	at org.mortbay.jetty.HttpConnection.handle(HttpConnection.java:404)
	at org.mortbay.io.nio.SelectChannelEndPoint.run(SelectChannelEndPoint.java:409)
	at org.mortbay.thread.QueuedThreadPool$PoolThread.run(QueuedThreadPool.java:520)
04.06.2010 15:53:18 org.eclipse.birt.report.data.oda.jdbc.JDBCDriverManager loadExtraDriver
SEVERE: refreshUrlsWhenFail: true
04.06.2010 15:53:18 org.eclipse.birt.report.data.oda.jdbc.JDBCDriverManager loadExtraDriver
SEVERE: driverClassPath: null
04.06.2010 15:53:18 org.eclipse.birt.report.data.oda.jdbc.JDBCDriverManager loadExtraDriver
SEVERE: Registered URLs: 
04.06.2010 15:53:57 org.eclipse.birt.report.engine.executor.ExecutionContext loadScript
SEVERE: loading external script file cpu/cpu/src/main/resources/debugWindow.js failed.
04.06.2010 15:53:57 org.eclipse.birt.report.data.adapter.impl.ModelAdapter adaptDataSet
WARNING: handle type: org.eclipse.birt.report.model.api.OdaDataSetHandle
04.06.2010 15:53:57 org.eclipse.birt.report.data.adapter.impl.ModelAdapter adaptDataSet
WARNING: handle type: org.eclipse.birt.report.model.api.OdaDataSetHandle
04.06.2010 15:53:57 org.eclipse.birt.report.data.adapter.impl.ModelAdapter adaptDataSet
WARNING: handle type: org.eclipse.birt.report.model.api.OdaDataSetHandle
04.06.2010 15:54:57 org.eclipse.birt.report.data.adapter.impl.ModelAdapter adaptDataSet
WARNING: handle type: org.eclipse.birt.report.model.api.OdaDataSetHandle
04.06.2010 15:54:57 org.eclipse.birt.report.data.adapter.impl.ModelAdapter adaptDataSet
WARNING: handle type: org.eclipse.birt.report.model.api.OdaDataSetHandle
04.06.2010 15:54:57 org.eclipse.birt.report.data.adapter.impl.ModelAdapter adaptDataSet
WARNING: handle type: org.eclipse.birt.report.model.api.OdaDataSetHandle
04.06.2010 15:54:58 org.eclipse.birt.report.data.adapter.impl.ModelAdapter adaptDataSet
WARNING: handle type: org.eclipse.birt.report.model.api.OdaDataSetHandle
04.06.2010 15:54:58 org.eclipse.birt.report.data.adapter.impl.ModelAdapter adaptDataSet
WARNING: handle type: org.eclipse.birt.report.model.api.OdaDataSetHandle
04.06.2010 15:54:58 org.eclipse.birt.report.data.adapter.impl.ModelAdapter adaptDataSet
WARNING: handle type: org.eclipse.birt.report.model.api.OdaDataSetHandle
04.06.2010 15:55:35 org.eclipse.birt.report.data.adapter.impl.ModelAdapter adaptDataSet
WARNING: handle type: org.eclipse.birt.report.model.api.OdaDataSetHandle
04.06.2010 15:55:35 org.eclipse.birt.report.data.adapter.impl.ModelAdapter adaptDataSet
WARNING: handle type: org.eclipse.birt.report.model.api.OdaDataSetHandle
04.06.2010 15:55:35 org.eclipse.birt.report.data.adapter.impl.ModelAdapter adaptDataSet
WARNING: handle type: org.eclipse.birt.report.model.api.OdaDataSetHandle
04.06.2010 15:55:36 org.eclipse.birt.report.data.adapter.impl.ModelAdapter adaptDataSet
WARNING: handle type: org.eclipse.birt.report.model.api.OdaDataSetHandle
04.06.2010 15:55:36 org.eclipse.birt.report.data.adapter.impl.ModelAdapter adaptDataSet
WARNING: handle type: org.eclipse.birt.report.model.api.OdaDataSetHandle
04.06.2010 15:55:36 org.eclipse.birt.report.data.adapter.impl.ModelAdapter adaptDataSet
WARNING: handle type: org.eclipse.birt.report.model.api.OdaDataSetHandle
04.06.2010 15:55:59 org.eclipse.birt.report.data.adapter.impl.ModelAdapter adaptDataSet
WARNING: handle type: org.eclipse.birt.report.model.api.OdaDataSetHandle
04.06.2010 15:55:59 org.eclipse.birt.report.data.adapter.impl.ModelAdapter adaptDataSet
WARNING: handle type: org.eclipse.birt.report.model.api.OdaDataSetHandle
04.06.2010 15:55:59 org.eclipse.birt.report.data.adapter.impl.ModelAdapter adaptDataSet
WARNING: handle type: org.eclipse.birt.report.model.api.OdaDataSetHandle
04.06.2010 15:56:00 org.eclipse.birt.report.data.adapter.impl.ModelAdapter adaptDataSet
WARNING: handle type: org.eclipse.birt.report.model.api.OdaDataSetHandle
04.06.2010 15:56:00 org.eclipse.birt.report.data.adapter.impl.ModelAdapter adaptDataSet
WARNING: handle type: org.eclipse.birt.report.model.api.OdaDataSetHandle
04.06.2010 15:56:00 org.eclipse.birt.report.data.adapter.impl.ModelAdapter adaptDataSet
WARNING: handle type: org.eclipse.birt.report.model.api.OdaDataSetHandle
04.06.2010 15:57:05 org.eclipse.birt.report.data.adapter.impl.ModelAdapter adaptDataSet
WARNING: handle type: org.eclipse.birt.report.model.api.ScriptDataSetHandle
04.06.2010 15:57:05 org.eclipse.birt.report.data.adapter.impl.ModelAdapter adaptDataSet
WARNING: handle type: org.eclipse.birt.report.model.api.ScriptDataSetHandle
04.06.2010 15:57:06 org.eclipse.birt.report.data.adapter.impl.ModelAdapter adaptDataSet
WARNING: handle type: org.eclipse.birt.report.model.api.ScriptDataSetHandle
04.06.2010 15:57:06 org.eclipse.birt.report.data.adapter.impl.ModelAdapter adaptDataSet
WARNING: handle type: org.eclipse.birt.report.model.api.ScriptDataSetHandle
04.06.2010 15:57:22 org.eclipse.birt.report.data.adapter.impl.ModelAdapter adaptDataSet
WARNING: handle type: org.eclipse.birt.report.model.api.ScriptDataSetHandle
04.06.2010 15:57:22 org.eclipse.birt.report.data.adapter.impl.ModelAdapter adaptDataSet
WARNING: handle type: org.eclipse.birt.report.model.api.ScriptDataSetHandle
04.06.2010 15:57:23 org.eclipse.birt.report.data.adapter.impl.ModelAdapter adaptDataSet
WARNING: handle type: org.eclipse.birt.report.model.api.ScriptDataSetHandle
04.06.2010 15:57:23 org.eclipse.birt.report.data.adapter.impl.ModelAdapter adaptDataSet
WARNING: handle type: org.eclipse.birt.report.model.api.ScriptDataSetHandle
04.06.2010 15:58:41 org.eclipse.birt.report.data.adapter.impl.ModelAdapter adaptDataSet
WARNING: handle type: org.eclipse.birt.report.model.api.ScriptDataSetHandle
04.06.2010 15:58:41 org.eclipse.birt.report.data.adapter.impl.ModelAdapter adaptDataSet
WARNING: handle type: org.eclipse.birt.report.model.api.ScriptDataSetHandle
04.06.2010 15:58:42 org.eclipse.birt.report.data.adapter.impl.ModelAdapter adaptDataSet
WARNING: handle type: org.eclipse.birt.report.model.api.ScriptDataSetHandle
04.06.2010 15:58:42 org.eclipse.birt.report.data.adapter.impl.ModelAdapter adaptDataSet
WARNING: handle type: org.eclipse.birt.report.model.api.ScriptDataSetHandle
04.06.2010 16:09:52 org.eclipse.birt.report.data.adapter.impl.ModelAdapter adaptDataSet
WARNING: handle type: org.eclipse.birt.report.model.api.ScriptDataSetHandle
04.06.2010 16:09:52 org.eclipse.birt.report.data.adapter.impl.ModelAdapter adaptDataSet
WARNING: handle type: org.eclipse.birt.report.model.api.ScriptDataSetHandle
04.06.2010 16:09:54 org.eclipse.birt.report.data.adapter.impl.ModelAdapter adaptDataSet
WARNING: handle type: org.eclipse.birt.report.model.api.ScriptDataSetHandle
04.06.2010 16:09:54 org.eclipse.birt.report.data.adapter.impl.ModelAdapter adaptDataSet
WARNING: handle type: org.eclipse.birt.report.model.api.ScriptDataSetHandle
04.06.2010 16:09:59 org.eclipse.birt.report.data.adapter.impl.ModelAdapter adaptDataSet
WARNING: handle type: org.eclipse.birt.report.model.api.ScriptDataSetHandle
04.06.2010 16:09:59 org.eclipse.birt.report.data.adapter.impl.ModelAdapter adaptDataSet
WARNING: handle type: org.eclipse.birt.report.model.api.ScriptDataSetHandle
04.06.2010 16:10:02 org.eclipse.birt.report.data.adapter.impl.ModelAdapter adaptDataSet
WARNING: handle type: org.eclipse.birt.report.model.api.ScriptDataSetHandle
04.06.2010 16:10:02 org.eclipse.birt.report.data.adapter.impl.ModelAdapter adaptDataSet
WARNING: handle type: org.eclipse.birt.report.model.api.ScriptDataSetHandle
04.06.2010 16:10:15 org.eclipse.birt.report.data.adapter.impl.ModelAdapter adaptDataSet
WARNING: handle type: org.eclipse.birt.report.model.api.ScriptDataSetHandle
04.06.2010 16:10:15 org.eclipse.birt.report.data.adapter.impl.ModelAdapter adaptDataSet
WARNING: handle type: org.eclipse.birt.report.model.api.ScriptDataSetHandle
04.06.2010 16:10:16 org.eclipse.birt.report.data.adapter.impl.ModelAdapter adaptDataSet
WARNING: handle type: org.eclipse.birt.report.model.api.ScriptDataSetHandle
04.06.2010 16:10:16 org.eclipse.birt.report.data.adapter.impl.ModelAdapter adaptDataSet
WARNING: handle type: org.eclipse.birt.report.model.api.ScriptDataSetHandle
04.06.2010 16:10:17 org.eclipse.birt.report.data.adapter.impl.ModelAdapter adaptDataSet
WARNING: handle type: org.eclipse.birt.report.model.api.ScriptDataSetHandle
04.06.2010 16:10:17 org.eclipse.birt.report.data.adapter.impl.ModelAdapter adaptDataSet
WARNING: handle type: org.eclipse.birt.report.model.api.ScriptDataSetHandle
04.06.2010 16:10:19 org.eclipse.birt.report.data.adapter.impl.ModelAdapter adaptDataSet
WARNING: handle type: org.eclipse.birt.report.model.api.ScriptDataSetHandle
04.06.2010 16:10:19 org.eclipse.birt.report.data.adapter.impl.ModelAdapter adaptDataSet
WARNING: handle type: org.eclipse.birt.report.model.api.ScriptDataSetHandle
04.06.2010 16:10:27 org.eclipse.birt.report.data.adapter.impl.ModelAdapter adaptDataSet
WARNING: handle type: org.eclipse.birt.report.model.api.ScriptDataSetHandle
04.06.2010 16:10:27 org.eclipse.birt.report.data.adapter.impl.ModelAdapter adaptDataSet
WARNING: handle type: org.eclipse.birt.report.model.api.ScriptDataSetHandle
04.06.2010 16:10:28 org.eclipse.birt.report.data.adapter.impl.ModelAdapter adaptDataSet
WARNING: handle type: org.eclipse.birt.report.model.api.ScriptDataSetHandle
04.06.2010 16:10:28 org.eclipse.birt.report.data.adapter.impl.ModelAdapter adaptDataSet
WARNING: handle type: org.eclipse.birt.report.model.api.ScriptDataSetHandle
04.06.2010 16:10:31 org.eclipse.birt.report.data.adapter.impl.ModelAdapter adaptDataSet
WARNING: handle type: org.eclipse.birt.report.model.api.ScriptDataSetHandle
04.06.2010 16:10:31 org.eclipse.birt.report.data.adapter.impl.ModelAdapter adaptDataSet
WARNING: handle type: org.eclipse.birt.report.model.api.ScriptDataSetHandle
04.06.2010 16:10:37 org.eclipse.birt.report.data.adapter.impl.ModelAdapter adaptDataSet
WARNING: handle type: org.eclipse.birt.report.model.api.ScriptDataSetHandle
04.06.2010 16:10:37 org.eclipse.birt.report.data.adapter.impl.ModelAdapter adaptDataSet
WARNING: handle type: org.eclipse.birt.report.model.api.ScriptDataSetHandle
04.06.2010 16:10:39 org.eclipse.birt.report.data.adapter.impl.ModelAdapter adaptDataSet
WARNING: handle type: org.eclipse.birt.report.model.api.ScriptDataSetHandle
04.06.2010 16:10:39 org.eclipse.birt.report.data.adapter.impl.ModelAdapter adaptDataSet
WARNING: handle type: org.eclipse.birt.report.model.api.ScriptDataSetHandle
04.06.2010 16:10:42 org.eclipse.birt.report.data.adapter.impl.ModelAdapter adaptDataSet
WARNING: handle type: org.eclipse.birt.report.model.api.ScriptDataSetHandle
04.06.2010 16:10:42 org.eclipse.birt.report.data.adapter.impl.ModelAdapter adaptDataSet
WARNING: handle type: org.eclipse.birt.report.model.api.ScriptDataSetHandle
